This is pdfTeX, Version 3.14159265-2.6-1.40.16 (TeX Live 2015/Debian) (preloaded format=pdflatex 2017.6.20)  6 JUL 2017 10:13
entering extended mode
 restricted \write18 enabled.
 %&-line parsing enabled.
**main.tex
(./main.tex
LaTeX2e <2016/02/01>
Babel <3.9q> and hyphenation patterns for 3 language(s) loaded.
(/usr/share/texlive/texmf-dist/tex/latex/base/article.cls
Document Class: article 2014/09/29 v1.4h Standard LaTeX document class
(/usr/share/texlive/texmf-dist/tex/latex/base/size11.clo
File: size11.clo 2014/09/29 v1.4h Standard LaTeX file (size option)
)
\c@part=\count79
\c@section=\count80
\c@subsection=\count81
\c@subsubsection=\count82
\c@paragraph=\count83
\c@subparagraph=\count84
\c@figure=\count85
\c@table=\count86
\abovecaptionskip=\skip41
\belowcaptionskip=\skip42
\bibindent=\dimen102
)
(/usr/share/texlive/texmf-dist/tex/latex/base/inputenc.sty
Package: inputenc 2015/03/17 v1.2c Input encoding file
\inpenc@prehook=\toks14
\inpenc@posthook=\toks15

(/usr/share/texlive/texmf-dist/tex/latex/base/utf8.def
File: utf8.def 2015/12/03 v1.1r UTF-8 support for inputenc
Now handling font encoding OML ...
... no UTF-8 mapping file for font encoding OML
Now handling font encoding T1 ...
... processing UTF-8 mapping file for font encoding T1

(/usr/share/texlive/texmf-dist/tex/latex/base/t1enc.dfu
File: t1enc.dfu 2015/12/03 v1.1r UTF-8 support for inputenc
   defining Unicode char U+00A0 (decimal 160)
   defining Unicode char U+00A1 (decimal 161)
   defining Unicode char U+00A3 (decimal 163)
   defining Unicode char U+00AB (decimal 171)
   defining Unicode char U+00AD (decimal 173)
   defining Unicode char U+00BB (decimal 187)
   defining Unicode char U+00BF (decimal 191)
   defining Unicode char U+00C0 (decimal 192)
   defining Unicode char U+00C1 (decimal 193)
   defining Unicode char U+00C2 (decimal 194)
   defining Unicode char U+00C3 (decimal 195)
   defining Unicode char U+00C4 (decimal 196)
   defining Unicode char U+00C5 (decimal 197)
   defining Unicode char U+00C6 (decimal 198)
   defining Unicode char U+00C7 (decimal 199)
   defining Unicode char U+00C8 (decimal 200)
   defining Unicode char U+00C9 (decimal 201)
   defining Unicode char U+00CA (decimal 202)
   defining Unicode char U+00CB (decimal 203)
   defining Unicode char U+00CC (decimal 204)
   defining Unicode char U+00CD (decimal 205)
   defining Unicode char U+00CE (decimal 206)
   defining Unicode char U+00CF (decimal 207)
   defining Unicode char U+00D0 (decimal 208)
   defining Unicode char U+00D1 (decimal 209)
   defining Unicode char U+00D2 (decimal 210)
   defining Unicode char U+00D3 (decimal 211)
   defining Unicode char U+00D4 (decimal 212)
   defining Unicode char U+00D5 (decimal 213)
   defining Unicode char U+00D6 (decimal 214)
   defining Unicode char U+00D8 (decimal 216)
   defining Unicode char U+00D9 (decimal 217)
   defining Unicode char U+00DA (decimal 218)
   defining Unicode char U+00DB (decimal 219)
   defining Unicode char U+00DC (decimal 220)
   defining Unicode char U+00DD (decimal 221)
   defining Unicode char U+00DE (decimal 222)
   defining Unicode char U+00DF (decimal 223)
   defining Unicode char U+00E0 (decimal 224)
   defining Unicode char U+00E1 (decimal 225)
   defining Unicode char U+00E2 (decimal 226)
   defining Unicode char U+00E3 (decimal 227)
   defining Unicode char U+00E4 (decimal 228)
   defining Unicode char U+00E5 (decimal 229)
   defining Unicode char U+00E6 (decimal 230)
   defining Unicode char U+00E7 (decimal 231)
   defining Unicode char U+00E8 (decimal 232)
   defining Unicode char U+00E9 (decimal 233)
   defining Unicode char U+00EA (decimal 234)
   defining Unicode char U+00EB (decimal 235)
   defining Unicode char U+00EC (decimal 236)
   defining Unicode char U+00ED (decimal 237)
   defining Unicode char U+00EE (decimal 238)
   defining Unicode char U+00EF (decimal 239)
   defining Unicode char U+00F0 (decimal 240)
   defining Unicode char U+00F1 (decimal 241)
   defining Unicode char U+00F2 (decimal 242)
   defining Unicode char U+00F3 (decimal 243)
   defining Unicode char U+00F4 (decimal 244)
   defining Unicode char U+00F5 (decimal 245)
   defining Unicode char U+00F6 (decimal 246)
   defining Unicode char U+00F8 (decimal 248)
   defining Unicode char U+00F9 (decimal 249)
   defining Unicode char U+00FA (decimal 250)
   defining Unicode char U+00FB (decimal 251)
   defining Unicode char U+00FC (decimal 252)
   defining Unicode char U+00FD (decimal 253)
   defining Unicode char U+00FE (decimal 254)
   defining Unicode char U+00FF (decimal 255)
   defining Unicode char U+0100 (decimal 256)
   defining Unicode char U+0101 (decimal 257)
   defining Unicode char U+0102 (decimal 258)
   defining Unicode char U+0103 (decimal 259)
   defining Unicode char U+0104 (decimal 260)
   defining Unicode char U+0105 (decimal 261)
   defining Unicode char U+0106 (decimal 262)
   defining Unicode char U+0107 (decimal 263)
   defining Unicode char U+0108 (decimal 264)
   defining Unicode char U+0109 (decimal 265)
   defining Unicode char U+010A (decimal 266)
   defining Unicode char U+010B (decimal 267)
   defining Unicode char U+010C (decimal 268)
   defining Unicode char U+010D (decimal 269)
   defining Unicode char U+010E (decimal 270)
   defining Unicode char U+010F (decimal 271)
   defining Unicode char U+0110 (decimal 272)
   defining Unicode char U+0111 (decimal 273)
   defining Unicode char U+0112 (decimal 274)
   defining Unicode char U+0113 (decimal 275)
   defining Unicode char U+0114 (decimal 276)
   defining Unicode char U+0115 (decimal 277)
   defining Unicode char U+0116 (decimal 278)
   defining Unicode char U+0117 (decimal 279)
   defining Unicode char U+0118 (decimal 280)
   defining Unicode char U+0119 (decimal 281)
   defining Unicode char U+011A (decimal 282)
   defining Unicode char U+011B (decimal 283)
   defining Unicode char U+011C (decimal 284)
   defining Unicode char U+011D (decimal 285)
   defining Unicode char U+011E (decimal 286)
   defining Unicode char U+011F (decimal 287)
   defining Unicode char U+0120 (decimal 288)
   defining Unicode char U+0121 (decimal 289)
   defining Unicode char U+0122 (decimal 290)
   defining Unicode char U+0123 (decimal 291)
   defining Unicode char U+0124 (decimal 292)
   defining Unicode char U+0125 (decimal 293)
   defining Unicode char U+0128 (decimal 296)
   defining Unicode char U+0129 (decimal 297)
   defining Unicode char U+012A (decimal 298)
   defining Unicode char U+012B (decimal 299)
   defining Unicode char U+012C (decimal 300)
   defining Unicode char U+012D (decimal 301)
   defining Unicode char U+012E (decimal 302)
   defining Unicode char U+012F (decimal 303)
   defining Unicode char U+0130 (decimal 304)
   defining Unicode char U+0131 (decimal 305)
   defining Unicode char U+0132 (decimal 306)
   defining Unicode char U+0133 (decimal 307)
   defining Unicode char U+0134 (decimal 308)
   defining Unicode char U+0135 (decimal 309)
   defining Unicode char U+0136 (decimal 310)
   defining Unicode char U+0137 (decimal 311)
   defining Unicode char U+0139 (decimal 313)
   defining Unicode char U+013A (decimal 314)
   defining Unicode char U+013B (decimal 315)
   defining Unicode char U+013C (decimal 316)
   defining Unicode char U+013D (decimal 317)
   defining Unicode char U+013E (decimal 318)
   defining Unicode char U+0141 (decimal 321)
   defining Unicode char U+0142 (decimal 322)
   defining Unicode char U+0143 (decimal 323)
   defining Unicode char U+0144 (decimal 324)
   defining Unicode char U+0145 (decimal 325)
   defining Unicode char U+0146 (decimal 326)
   defining Unicode char U+0147 (decimal 327)
   defining Unicode char U+0148 (decimal 328)
   defining Unicode char U+014A (decimal 330)
   defining Unicode char U+014B (decimal 331)
   defining Unicode char U+014C (decimal 332)
   defining Unicode char U+014D (decimal 333)
   defining Unicode char U+014E (decimal 334)
   defining Unicode char U+014F (decimal 335)
   defining Unicode char U+0150 (decimal 336)
   defining Unicode char U+0151 (decimal 337)
   defining Unicode char U+0152 (decimal 338)
   defining Unicode char U+0153 (decimal 339)
   defining Unicode char U+0154 (decimal 340)
   defining Unicode char U+0155 (decimal 341)
   defining Unicode char U+0156 (decimal 342)
   defining Unicode char U+0157 (decimal 343)
   defining Unicode char U+0158 (decimal 344)
   defining Unicode char U+0159 (decimal 345)
   defining Unicode char U+015A (decimal 346)
   defining Unicode char U+015B (decimal 347)
   defining Unicode char U+015C (decimal 348)
   defining Unicode char U+015D (decimal 349)
   defining Unicode char U+015E (decimal 350)
   defining Unicode char U+015F (decimal 351)
   defining Unicode char U+0160 (decimal 352)
   defining Unicode char U+0161 (decimal 353)
   defining Unicode char U+0162 (decimal 354)
   defining Unicode char U+0163 (decimal 355)
   defining Unicode char U+0164 (decimal 356)
   defining Unicode char U+0165 (decimal 357)
   defining Unicode char U+0168 (decimal 360)
   defining Unicode char U+0169 (decimal 361)
   defining Unicode char U+016A (decimal 362)
   defining Unicode char U+016B (decimal 363)
   defining Unicode char U+016C (decimal 364)
   defining Unicode char U+016D (decimal 365)
   defining Unicode char U+016E (decimal 366)
   defining Unicode char U+016F (decimal 367)
   defining Unicode char U+0170 (decimal 368)
   defining Unicode char U+0171 (decimal 369)
   defining Unicode char U+0172 (decimal 370)
   defining Unicode char U+0173 (decimal 371)
   defining Unicode char U+0174 (decimal 372)
   defining Unicode char U+0175 (decimal 373)
   defining Unicode char U+0176 (decimal 374)
   defining Unicode char U+0177 (decimal 375)
   defining Unicode char U+0178 (decimal 376)
   defining Unicode char U+0179 (decimal 377)
   defining Unicode char U+017A (decimal 378)
   defining Unicode char U+017B (decimal 379)
   defining Unicode char U+017C (decimal 380)
   defining Unicode char U+017D (decimal 381)
   defining Unicode char U+017E (decimal 382)
   defining Unicode char U+01CD (decimal 461)
   defining Unicode char U+01CE (decimal 462)
   defining Unicode char U+01CF (decimal 463)
   defining Unicode char U+01D0 (decimal 464)
   defining Unicode char U+01D1 (decimal 465)
   defining Unicode char U+01D2 (decimal 466)
   defining Unicode char U+01D3 (decimal 467)
   defining Unicode char U+01D4 (decimal 468)
   defining Unicode char U+01E2 (decimal 482)
   defining Unicode char U+01E3 (decimal 483)
   defining Unicode char U+01E6 (decimal 486)
   defining Unicode char U+01E7 (decimal 487)
   defining Unicode char U+01E8 (decimal 488)
   defining Unicode char U+01E9 (decimal 489)
   defining Unicode char U+01EA (decimal 490)
   defining Unicode char U+01EB (decimal 491)
   defining Unicode char U+01F0 (decimal 496)
   defining Unicode char U+01F4 (decimal 500)
   defining Unicode char U+01F5 (decimal 501)
   defining Unicode char U+0218 (decimal 536)
   defining Unicode char U+0219 (decimal 537)
   defining Unicode char U+021A (decimal 538)
   defining Unicode char U+021B (decimal 539)
   defining Unicode char U+01E02 (decimal 7682)
   defining Unicode char U+01E03 (decimal 7683)
   defining Unicode char U+200C (decimal 8204)
   defining Unicode char U+2013 (decimal 8211)
   defining Unicode char U+2014 (decimal 8212)
   defining Unicode char U+2018 (decimal 8216)
   defining Unicode char U+2019 (decimal 8217)
   defining Unicode char U+201A (decimal 8218)
   defining Unicode char U+201C (decimal 8220)
   defining Unicode char U+201D (decimal 8221)
   defining Unicode char U+201E (decimal 8222)
   defining Unicode char U+2030 (decimal 8240)
   defining Unicode char U+2031 (decimal 8241)
   defining Unicode char U+2039 (decimal 8249)
   defining Unicode char U+203A (decimal 8250)
   defining Unicode char U+2423 (decimal 9251)
)
Now handling font encoding OT1 ...
... processing UTF-8 mapping file for font encoding OT1

(/usr/share/texlive/texmf-dist/tex/latex/base/ot1enc.dfu
File: ot1enc.dfu 2015/12/03 v1.1r UTF-8 support for inputenc
   defining Unicode char U+00A0 (decimal 160)
   defining Unicode char U+00A1 (decimal 161)
   defining Unicode char U+00A3 (decimal 163)
   defining Unicode char U+00AD (decimal 173)
   defining Unicode char U+00B8 (decimal 184)
   defining Unicode char U+00BF (decimal 191)
   defining Unicode char U+00C5 (decimal 197)
   defining Unicode char U+00C6 (decimal 198)
   defining Unicode char U+00D8 (decimal 216)
   defining Unicode char U+00DF (decimal 223)
   defining Unicode char U+00E6 (decimal 230)
   defining Unicode char U+00EC (decimal 236)
   defining Unicode char U+00ED (decimal 237)
   defining Unicode char U+00EE (decimal 238)
   defining Unicode char U+00EF (decimal 239)
   defining Unicode char U+00F8 (decimal 248)
   defining Unicode char U+0131 (decimal 305)
   defining Unicode char U+0141 (decimal 321)
   defining Unicode char U+0142 (decimal 322)
   defining Unicode char U+0152 (decimal 338)
   defining Unicode char U+0153 (decimal 339)
   defining Unicode char U+0174 (decimal 372)
   defining Unicode char U+0175 (decimal 373)
   defining Unicode char U+0176 (decimal 374)
   defining Unicode char U+0177 (decimal 375)
   defining Unicode char U+0218 (decimal 536)
   defining Unicode char U+0219 (decimal 537)
   defining Unicode char U+021A (decimal 538)
   defining Unicode char U+021B (decimal 539)
   defining Unicode char U+2013 (decimal 8211)
   defining Unicode char U+2014 (decimal 8212)
   defining Unicode char U+2018 (decimal 8216)
   defining Unicode char U+2019 (decimal 8217)
   defining Unicode char U+201C (decimal 8220)
   defining Unicode char U+201D (decimal 8221)
)
Now handling font encoding OMS ...
... processing UTF-8 mapping file for font encoding OMS

(/usr/share/texlive/texmf-dist/tex/latex/base/omsenc.dfu
File: omsenc.dfu 2015/12/03 v1.1r UTF-8 support for inputenc
   defining Unicode char U+00A7 (decimal 167)
   defining Unicode char U+00B6 (decimal 182)
   defining Unicode char U+00B7 (decimal 183)
   defining Unicode char U+2020 (decimal 8224)
   defining Unicode char U+2021 (decimal 8225)
   defining Unicode char U+2022 (decimal 8226)
)
Now handling font encoding OMX ...
... no UTF-8 mapping file for font encoding OMX
Now handling font encoding U ...
... no UTF-8 mapping file for font encoding U
   defining Unicode char U+00A9 (decimal 169)
   defining Unicode char U+00AA (decimal 170)
   defining Unicode char U+00AE (decimal 174)
   defining Unicode char U+00BA (decimal 186)
   defining Unicode char U+02C6 (decimal 710)
   defining Unicode char U+02DC (decimal 732)
   defining Unicode char U+200C (decimal 8204)
   defining Unicode char U+2026 (decimal 8230)
   defining Unicode char U+2122 (decimal 8482)
   defining Unicode char U+2423 (decimal 9251)
))
(/usr/share/texlive/texmf-dist/tex/generic/babel/babel.sty
Package: babel 2016/02/24 3.9q The Babel package

(/usr/share/texlive/texmf-dist/tex/generic/babel-english/english.ldf
Language: english 2012/08/20 v3.3p English support from the babel system

(/usr/share/texlive/texmf-dist/tex/generic/babel/babel.def
File: babel.def 2016/02/24 3.9q Babel common definitions
\babel@savecnt=\count87
\U@D=\dimen103
)
\l@british = a dialect from \language\l@english 
\l@UKenglish = a dialect from \language\l@english 
\l@canadian = a dialect from \language\l@american 
\l@australian = a dialect from \language\l@british 
\l@newzealand = a dialect from \language\l@british 
))
(/usr/share/texlive/texmf-dist/tex/latex/base/fontenc.sty
Package: fontenc 2005/09/27 v1.99g Standard LaTeX package

(/usr/share/texlive/texmf-dist/tex/latex/base/t1enc.def
File: t1enc.def 2005/09/27 v1.99g Standard LaTeX file
LaTeX Font Info:    Redeclaring font encoding T1 on input line 48.
))
(/usr/share/texlive/texmf-dist/tex/latex/graphics/graphicx.sty
Package: graphicx 2014/10/28 v1.0g Enhanced LaTeX Graphics (DPC,SPQR)

(/usr/share/texlive/texmf-dist/tex/latex/graphics/keyval.sty
Package: keyval 2014/10/28 v1.15 key=value parser (DPC)
\KV@toks@=\toks16
)
(/usr/share/texlive/texmf-dist/tex/latex/graphics/graphics.sty
Package: graphics 2016/01/03 v1.0q Standard LaTeX Graphics (DPC,SPQR)

(/usr/share/texlive/texmf-dist/tex/latex/graphics/trig.sty
Package: trig 2016/01/03 v1.10 sin cos tan (DPC)
)
(/usr/share/texlive/texmf-dist/tex/latex/latexconfig/graphics.cfg
File: graphics.cfg 2010/04/23 v1.9 graphics configuration of TeX Live
)
Package graphics Info: Driver file: pdftex.def on input line 95.

(/usr/share/texlive/texmf-dist/tex/latex/pdftex-def/pdftex.def
File: pdftex.def 2011/05/27 v0.06d Graphics/color for pdfTeX

(/usr/share/texlive/texmf-dist/tex/generic/oberdiek/infwarerr.sty
Package: infwarerr 2010/04/08 v1.3 Providing info/warning/error messages (HO)
)
(/usr/share/texlive/texmf-dist/tex/generic/oberdiek/ltxcmds.sty
Package: ltxcmds 2011/11/09 v1.22 LaTeX kernel commands for general use (HO)
)
\Gread@gobject=\count88
))
\Gin@req@height=\dimen104
\Gin@req@width=\dimen105
)
(/usr/share/texlive/texmf-dist/tex/latex/caption/subcaption.sty
Package: subcaption 2016/02/20 v1.1-142 Sub-captions (AR)

(/usr/share/texlive/texmf-dist/tex/latex/caption/caption.sty
Package: caption 2016/02/21 v3.3-144 Customizing captions (AR)

(/usr/share/texlive/texmf-dist/tex/latex/caption/caption3.sty
Package: caption3 2016/02/04 v1.7-139 caption3 kernel (AR)
Package caption3 Info: TeX engine: e-TeX on input line 67.
\captionmargin=\dimen106
\captionmargin@=\dimen107
\captionwidth=\dimen108
\caption@tempdima=\dimen109
\caption@indent=\dimen110
\caption@parindent=\dimen111
\caption@hangindent=\dimen112
)
\c@ContinuedFloat=\count89
)
\c@subfigure=\count90
\c@subtable=\count91
)
(/usr/share/texlive/texmf-dist/tex/latex/amsmath/amsmath.sty
Package: amsmath 2016/03/03 v2.15a AMS math features
\@mathmargin=\skip43

For additional information on amsmath, use the `?' option.
(/usr/share/texlive/texmf-dist/tex/latex/amsmath/amstext.sty
Package: amstext 2000/06/29 v2.01 AMS text

(/usr/share/texlive/texmf-dist/tex/latex/amsmath/amsgen.sty
File: amsgen.sty 1999/11/30 v2.0 generic functions
\@emptytoks=\toks17
\ex@=\dimen113
))
(/usr/share/texlive/texmf-dist/tex/latex/amsmath/amsbsy.sty
Package: amsbsy 1999/11/29 v1.2d Bold Symbols
\pmbraise@=\dimen114
)
(/usr/share/texlive/texmf-dist/tex/latex/amsmath/amsopn.sty
Package: amsopn 1999/12/14 v2.01 operator names
)
\inf@bad=\count92
LaTeX Info: Redefining \frac on input line 199.
\uproot@=\count93
\leftroot@=\count94
LaTeX Info: Redefining \overline on input line 297.
\classnum@=\count95
\DOTSCASE@=\count96
LaTeX Info: Redefining \ldots on input line 394.
LaTeX Info: Redefining \dots on input line 397.
LaTeX Info: Redefining \cdots on input line 518.
\Mathstrutbox@=\box26
\strutbox@=\box27
\big@size=\dimen115
LaTeX Font Info:    Redeclaring font encoding OML on input line 630.
LaTeX Font Info:    Redeclaring font encoding OMS on input line 631.
\macc@depth=\count97
\c@MaxMatrixCols=\count98
\dotsspace@=\muskip10
\c@parentequation=\count99
\dspbrk@lvl=\count100
\tag@help=\toks18
\row@=\count101
\column@=\count102
\maxfields@=\count103
\andhelp@=\toks19
\eqnshift@=\dimen116
\alignsep@=\dimen117
\tagshift@=\dimen118
\tagwidth@=\dimen119
\totwidth@=\dimen120
\lineht@=\dimen121
\@envbody=\toks20
\multlinegap=\skip44
\multlinetaggap=\skip45
\mathdisplay@stack=\toks21
LaTeX Info: Redefining \[ on input line 2735.
LaTeX Info: Redefining \] on input line 2736.
)
(/usr/share/texlive/texmf-dist/tex/latex/cases/cases.sty
Package: cases 2002/05/02 ver 2.5 
)
(/usr/share/texlive/texmf-dist/tex/latex/tools/array.sty
Package: array 2014/10/28 v2.4c Tabular extension package (FMi)
\col@sep=\dimen122
\extrarowheight=\dimen123
\NC@list=\toks22
\extratabsurround=\skip46
\backup@length=\skip47
)
(/usr/share/texlive/texmf-dist/tex/latex/float/float.sty
Package: float 2001/11/08 v1.3d Float enhancements (AL)
\c@float@type=\count104
\float@exts=\toks23
\float@box=\box28
\@float@everytoks=\toks24
\@floatcapt=\box29
)
(/usr/share/texlive/texmf-dist/tex/latex/geometry/geometry.sty
Package: geometry 2010/09/12 v5.6 Page Geometry

(/usr/share/texlive/texmf-dist/tex/generic/oberdiek/ifpdf.sty
Package: ifpdf 2011/01/30 v2.3 Provides the ifpdf switch (HO)
Package ifpdf Info: pdfTeX in PDF mode is detected.
)
(/usr/share/texlive/texmf-dist/tex/generic/oberdiek/ifvtex.sty
Package: ifvtex 2010/03/01 v1.5 Detect VTeX and its facilities (HO)
Package ifvtex Info: VTeX not detected.
)
(/usr/share/texlive/texmf-dist/tex/generic/ifxetex/ifxetex.sty
Package: ifxetex 2010/09/12 v0.6 Provides ifxetex conditional
)
\Gm@cnth=\count105
\Gm@cntv=\count106
\c@Gm@tempcnt=\count107
\Gm@bindingoffset=\dimen124
\Gm@wd@mp=\dimen125
\Gm@odd@mp=\dimen126
\Gm@even@mp=\dimen127
\Gm@layoutwidth=\dimen128
\Gm@layoutheight=\dimen129
\Gm@layouthoffset=\dimen130
\Gm@layoutvoffset=\dimen131
\Gm@dimlist=\toks25
)
(/usr/share/texlive/texmf-dist/tex/latex/psnfss/charter.sty
Package: charter 2005/04/12 PSNFSS-v9.2a (P.Dyballa) 
)
(/usr/share/texlive/texmf-dist/tex/latex/fancyhdr/fancyhdr.sty
\fancy@headwidth=\skip48
\f@ncyO@elh=\skip49
\f@ncyO@erh=\skip50
\f@ncyO@olh=\skip51
\f@ncyO@orh=\skip52
\f@ncyO@elf=\skip53
\f@ncyO@erf=\skip54
\f@ncyO@olf=\skip55
\f@ncyO@orf=\skip56
)
(/usr/share/texlive/texmf-dist/tex/latex/multirow/multirow.sty
\bigstrutjot=\dimen132
)
(/usr/share/texlive/texmf-dist/tex/latex/enumitem/enumitem.sty
Package: enumitem 2011/09/28 v3.5.2 Customized lists
\labelindent=\skip57
\enit@outerparindent=\dimen133
\enit@toks=\toks26
\enit@inbox=\box30
\enitdp@description=\count108
)
(/usr/share/texlive/texmf-dist/tex/latex/base/textcomp.sty
Package: textcomp 2005/09/27 v1.99g Standard LaTeX package
Package textcomp Info: Sub-encoding information:
(textcomp)               5 = only ISO-Adobe without \textcurrency
(textcomp)               4 = 5 + \texteuro
(textcomp)               3 = 4 + \textohm
(textcomp)               2 = 3 + \textestimated + \textcurrency
(textcomp)               1 = TS1 - \textcircled - \t
(textcomp)               0 = TS1 (full)
(textcomp)             Font families with sub-encoding setting implement
(textcomp)             only a restricted character set as indicated.
(textcomp)             Family '?' is the default used for unknown fonts.
(textcomp)             See the documentation for details.
Package textcomp Info: Setting ? sub-encoding to TS1/1 on input line 79.

(/usr/share/texlive/texmf-dist/tex/latex/base/ts1enc.def
File: ts1enc.def 2001/06/05 v3.0e (jk/car/fm) Standard LaTeX file
Now handling font encoding TS1 ...
... processing UTF-8 mapping file for font encoding TS1

(/usr/share/texlive/texmf-dist/tex/latex/base/ts1enc.dfu
File: ts1enc.dfu 2015/12/03 v1.1r UTF-8 support for inputenc
   defining Unicode char U+00A2 (decimal 162)
   defining Unicode char U+00A3 (decimal 163)
   defining Unicode char U+00A4 (decimal 164)
   defining Unicode char U+00A5 (decimal 165)
   defining Unicode char U+00A6 (decimal 166)
   defining Unicode char U+00A7 (decimal 167)
   defining Unicode char U+00A8 (decimal 168)
   defining Unicode char U+00A9 (decimal 169)
   defining Unicode char U+00AA (decimal 170)
   defining Unicode char U+00AC (decimal 172)
   defining Unicode char U+00AE (decimal 174)
   defining Unicode char U+00AF (decimal 175)
   defining Unicode char U+00B0 (decimal 176)
   defining Unicode char U+00B1 (decimal 177)
   defining Unicode char U+00B2 (decimal 178)
   defining Unicode char U+00B3 (decimal 179)
   defining Unicode char U+00B4 (decimal 180)
   defining Unicode char U+00B5 (decimal 181)
   defining Unicode char U+00B6 (decimal 182)
   defining Unicode char U+00B7 (decimal 183)
   defining Unicode char U+00B9 (decimal 185)
   defining Unicode char U+00BA (decimal 186)
   defining Unicode char U+00BC (decimal 188)
   defining Unicode char U+00BD (decimal 189)
   defining Unicode char U+00BE (decimal 190)
   defining Unicode char U+00D7 (decimal 215)
   defining Unicode char U+00F7 (decimal 247)
   defining Unicode char U+0192 (decimal 402)
   defining Unicode char U+02C7 (decimal 711)
   defining Unicode char U+02D8 (decimal 728)
   defining Unicode char U+02DD (decimal 733)
   defining Unicode char U+0E3F (decimal 3647)
   defining Unicode char U+2016 (decimal 8214)
   defining Unicode char U+2020 (decimal 8224)
   defining Unicode char U+2021 (decimal 8225)
   defining Unicode char U+2022 (decimal 8226)
   defining Unicode char U+2030 (decimal 8240)
   defining Unicode char U+2031 (decimal 8241)
   defining Unicode char U+203B (decimal 8251)
   defining Unicode char U+203D (decimal 8253)
   defining Unicode char U+2044 (decimal 8260)
   defining Unicode char U+204E (decimal 8270)
   defining Unicode char U+2052 (decimal 8274)
   defining Unicode char U+20A1 (decimal 8353)
   defining Unicode char U+20A4 (decimal 8356)
   defining Unicode char U+20A6 (decimal 8358)
   defining Unicode char U+20A9 (decimal 8361)
   defining Unicode char U+20AB (decimal 8363)
   defining Unicode char U+20AC (decimal 8364)
   defining Unicode char U+20B1 (decimal 8369)
   defining Unicode char U+2103 (decimal 8451)
   defining Unicode char U+2116 (decimal 8470)
   defining Unicode char U+2117 (decimal 8471)
   defining Unicode char U+211E (decimal 8478)
   defining Unicode char U+2120 (decimal 8480)
   defining Unicode char U+2122 (decimal 8482)
   defining Unicode char U+2126 (decimal 8486)
   defining Unicode char U+2127 (decimal 8487)
   defining Unicode char U+212E (decimal 8494)
   defining Unicode char U+2190 (decimal 8592)
   defining Unicode char U+2191 (decimal 8593)
   defining Unicode char U+2192 (decimal 8594)
   defining Unicode char U+2193 (decimal 8595)
   defining Unicode char U+2329 (decimal 9001)
   defining Unicode char U+232A (decimal 9002)
   defining Unicode char U+2422 (decimal 9250)
   defining Unicode char U+25E6 (decimal 9702)
   defining Unicode char U+25EF (decimal 9711)
   defining Unicode char U+266A (decimal 9834)
))
LaTeX Info: Redefining \oldstylenums on input line 334.
Package textcomp Info: Setting cmr sub-encoding to TS1/0 on input line 349.
Package textcomp Info: Setting cmss sub-encoding to TS1/0 on input line 350.
Package textcomp Info: Setting cmtt sub-encoding to TS1/0 on input line 351.
Package textcomp Info: Setting cmvtt sub-encoding to TS1/0 on input line 352.
Package textcomp Info: Setting cmbr sub-encoding to TS1/0 on input line 353.
Package textcomp Info: Setting cmtl sub-encoding to TS1/0 on input line 354.
Package textcomp Info: Setting ccr sub-encoding to TS1/0 on input line 355.
Package textcomp Info: Setting ptm sub-encoding to TS1/4 on input line 356.
Package textcomp Info: Setting pcr sub-encoding to TS1/4 on input line 357.
Package textcomp Info: Setting phv sub-encoding to TS1/4 on input line 358.
Package textcomp Info: Setting ppl sub-encoding to TS1/3 on input line 359.
Package textcomp Info: Setting pag sub-encoding to TS1/4 on input line 360.
Package textcomp Info: Setting pbk sub-encoding to TS1/4 on input line 361.
Package textcomp Info: Setting pnc sub-encoding to TS1/4 on input line 362.
Package textcomp Info: Setting pzc sub-encoding to TS1/4 on input line 363.
Package textcomp Info: Setting bch sub-encoding to TS1/4 on input line 364.
Package textcomp Info: Setting put sub-encoding to TS1/5 on input line 365.
Package textcomp Info: Setting uag sub-encoding to TS1/5 on input line 366.
Package textcomp Info: Setting ugq sub-encoding to TS1/5 on input line 367.
Package textcomp Info: Setting ul8 sub-encoding to TS1/4 on input line 368.
Package textcomp Info: Setting ul9 sub-encoding to TS1/4 on input line 369.
Package textcomp Info: Setting augie sub-encoding to TS1/5 on input line 370.
Package textcomp Info: Setting dayrom sub-encoding to TS1/3 on input line 371.
Package textcomp Info: Setting dayroms sub-encoding to TS1/3 on input line 372.

Package textcomp Info: Setting pxr sub-encoding to TS1/0 on input line 373.
Package textcomp Info: Setting pxss sub-encoding to TS1/0 on input line 374.
Package textcomp Info: Setting pxtt sub-encoding to TS1/0 on input line 375.
Package textcomp Info: Setting txr sub-encoding to TS1/0 on input line 376.
Package textcomp Info: Setting txss sub-encoding to TS1/0 on input line 377.
Package textcomp Info: Setting txtt sub-encoding to TS1/0 on input line 378.
Package textcomp Info: Setting lmr sub-encoding to TS1/0 on input line 379.
Package textcomp Info: Setting lmdh sub-encoding to TS1/0 on input line 380.
Package textcomp Info: Setting lmss sub-encoding to TS1/0 on input line 381.
Package textcomp Info: Setting lmssq sub-encoding to TS1/0 on input line 382.
Package textcomp Info: Setting lmvtt sub-encoding to TS1/0 on input line 383.
Package textcomp Info: Setting lmtt sub-encoding to TS1/0 on input line 384.
Package textcomp Info: Setting qhv sub-encoding to TS1/0 on input line 385.
Package textcomp Info: Setting qag sub-encoding to TS1/0 on input line 386.
Package textcomp Info: Setting qbk sub-encoding to TS1/0 on input line 387.
Package textcomp Info: Setting qcr sub-encoding to TS1/0 on input line 388.
Package textcomp Info: Setting qcs sub-encoding to TS1/0 on input line 389.
Package textcomp Info: Setting qpl sub-encoding to TS1/0 on input line 390.
Package textcomp Info: Setting qtm sub-encoding to TS1/0 on input line 391.
Package textcomp Info: Setting qzc sub-encoding to TS1/0 on input line 392.
Package textcomp Info: Setting qhvc sub-encoding to TS1/0 on input line 393.
Package textcomp Info: Setting futs sub-encoding to TS1/4 on input line 394.
Package textcomp Info: Setting futx sub-encoding to TS1/4 on input line 395.
Package textcomp Info: Setting futj sub-encoding to TS1/4 on input line 396.
Package textcomp Info: Setting hlh sub-encoding to TS1/3 on input line 397.
Package textcomp Info: Setting hls sub-encoding to TS1/3 on input line 398.
Package textcomp Info: Setting hlst sub-encoding to TS1/3 on input line 399.
Package textcomp Info: Setting hlct sub-encoding to TS1/5 on input line 400.
Package textcomp Info: Setting hlx sub-encoding to TS1/5 on input line 401.
Package textcomp Info: Setting hlce sub-encoding to TS1/5 on input line 402.
Package textcomp Info: Setting hlcn sub-encoding to TS1/5 on input line 403.
Package textcomp Info: Setting hlcw sub-encoding to TS1/5 on input line 404.
Package textcomp Info: Setting hlcf sub-encoding to TS1/5 on input line 405.
Package textcomp Info: Setting pplx sub-encoding to TS1/3 on input line 406.
Package textcomp Info: Setting pplj sub-encoding to TS1/3 on input line 407.
Package textcomp Info: Setting ptmx sub-encoding to TS1/4 on input line 408.
Package textcomp Info: Setting ptmj sub-encoding to TS1/4 on input line 409.
)
(/usr/share/texlive/texmf-dist/tex/latex/was/gensymb.sty
Package: gensymb 2003/07/02 v1.0 (WaS)
)
(/usr/share/texlive/texmf-dist/tex/latex/breqn/breqn.sty
(/usr/share/texlive/texmf-dist/tex/latex/l3kernel/expl3.sty
Package: expl3 2016/01/19 v6377 L3 programming layer (loader) 

(/usr/share/texlive/texmf-dist/tex/latex/l3kernel/expl3-code.tex
Package: expl3 2016/01/19 v6377 L3 programming layer (code)
L3 Module: l3bootstrap 2016/01/01 v6339 L3 Bootstrap code
L3 Module: l3names 2015/12/21 v6328 L3 Namespace for primitives
L3 Module: l3basics 2015/11/22 v6315 L3 Basic definitions
L3 Module: l3expan 2015/09/10 v5983 L3 Argument expansion
L3 Module: l3tl 2015/09/29 v6121 L3 Token lists
L3 Module: l3str 2016/01/03 v6357 L3 Strings
L3 Module: l3seq 2015/08/05 v5777 L3 Sequences and stacks
L3 Module: l3int 2016/01/05 v6366 L3 Integers
\c_max_int=\count109
\l_tmpa_int=\count110
\l_tmpb_int=\count111
\g_tmpa_int=\count112
\g_tmpb_int=\count113
L3 Module: l3quark 2015/08/17 v5855 L3 Quarks
L3 Module: l3prg 2015/11/01 v6216 L3 Control structures
\g__prg_map_int=\count114
L3 Module: l3clist 2015/09/02 v5901 L3 Comma separated lists
L3 Module: l3token 2015/11/11 v6249 L3 Experimental token manipulation
L3 Module: l3prop 2016/01/05 v6366 L3 Property lists
L3 Module: l3msg 2015/09/28 v6113 L3 Messages
L3 Module: l3file 2015/12/03 v6317 L3 File and I/O operations
\l_iow_line_count_int=\count115
\l__iow_target_count_int=\count116
\l__iow_current_line_int=\count117
\l__iow_current_word_int=\count118
\l__iow_current_indentation_int=\count119
L3 Module: l3skip 2016/01/05 v6366 L3 Dimensions and skips
\c_zero_dim=\dimen134
\c_max_dim=\dimen135
\l_tmpa_dim=\dimen136
\l_tmpb_dim=\dimen137
\g_tmpa_dim=\dimen138
\g_tmpb_dim=\dimen139
\c_zero_skip=\skip58
\c_max_skip=\skip59
\l_tmpa_skip=\skip60
\l_tmpb_skip=\skip61
\g_tmpa_skip=\skip62
\g_tmpb_skip=\skip63
\c_zero_muskip=\muskip11
\c_max_muskip=\muskip12
\l_tmpa_muskip=\muskip13
\l_tmpb_muskip=\muskip14
\g_tmpa_muskip=\muskip15
\g_tmpb_muskip=\muskip16
L3 Module: l3keys 2015/11/17 v6284 L3 Key-value interfaces
\g__keyval_level_int=\count120
\l_keys_choice_int=\count121
L3 Module: l3fp 2015/08/25 v5890 L3 Floating points
\c__fp_leading_shift_int=\count122
\c__fp_middle_shift_int=\count123
\c__fp_trailing_shift_int=\count124
\c__fp_big_leading_shift_int=\count125
\c__fp_big_middle_shift_int=\count126
\c__fp_big_trailing_shift_int=\count127
\c__fp_Bigg_leading_shift_int=\count128
\c__fp_Bigg_middle_shift_int=\count129
\c__fp_Bigg_trailing_shift_int=\count130
L3 Module: l3box 2015/08/09 v5822 L3 Experimental boxes
\c_empty_box=\box31
\l_tmpa_box=\box32
\l_tmpb_box=\box33
\g_tmpa_box=\box34
\g_tmpb_box=\box35
L3 Module: l3coffins 2015/08/06 v5789 L3 Coffin code layer
\l__coffin_internal_box=\box36
\l__coffin_internal_dim=\dimen140
\l__coffin_offset_x_dim=\dimen141
\l__coffin_offset_y_dim=\dimen142
\l__coffin_x_dim=\dimen143
\l__coffin_y_dim=\dimen144
\l__coffin_x_prime_dim=\dimen145
\l__coffin_y_prime_dim=\dimen146
\c_empty_coffin=\box37
\l__coffin_aligned_coffin=\box38
\l__coffin_aligned_internal_coffin=\box39
\l_tmpa_coffin=\box40
\l_tmpb_coffin=\box41
\l__coffin_display_coffin=\box42
\l__coffin_display_coord_coffin=\box43
\l__coffin_display_pole_coffin=\box44
\l__coffin_display_offset_dim=\dimen147
\l__coffin_display_x_dim=\dimen148
\l__coffin_display_y_dim=\dimen149
L3 Module: l3color 2014/08/23 v5354 L3 Experimental color support
L3 Module: l3sys 2015/09/25 v6087 L3 Experimental system/runtime functions
L3 Module: l3candidates 2016/01/14 v6376 L3 Experimental additions to l3kernel
\l__box_top_dim=\dimen150
\l__box_bottom_dim=\dimen151
\l__box_left_dim=\dimen152
\l__box_right_dim=\dimen153
\l__box_top_new_dim=\dimen154
\l__box_bottom_new_dim=\dimen155
\l__box_left_new_dim=\dimen156
\l__box_right_new_dim=\dimen157
\l__box_internal_box=\box45
\l__coffin_bounding_shift_dim=\dimen158
\l__coffin_left_corner_dim=\dimen159
\l__coffin_right_corner_dim=\dimen160
\l__coffin_bottom_corner_dim=\dimen161
\l__coffin_top_corner_dim=\dimen162
\l__coffin_scaled_total_height_dim=\dimen163
\l__coffin_scaled_width_dim=\dimen164
L3 Module: l3luatex 2015/11/11 v6250 L3 Experimental LuaTeX-specific functions
)
(/usr/share/texlive/texmf-dist/tex/latex/l3kernel/l3pdfmode.def
File: l3pdfmode.def 2015/11/11 v6250 L3 Experimental driver: PDF mode
\l__driver_color_stack_int=\count131
))
Package: breqn 2015/08/11 v0.98d Breaking equations

(/usr/share/texlive/texmf-dist/tex/latex/breqn/flexisym.sty
Package: flexisym 2015/08/11 v0.98d Make math characters macros
LaTeX Info: Redefining \textprime on input line 299.
LaTeX Info: Redefining \not on input line 357.

(/usr/share/texlive/texmf-dist/tex/latex/breqn/cmbase.sym
File: cmbase.sym 2007/12/19 v0.92
LaTeX Info: Redefining \hbar on input line 324.
LaTeX Info: Redefining \surd on input line 326.
LaTeX Info: Redefining \angle on input line 334.
LaTeX Info: Redefining \neq on input line 335.
LaTeX Info: Redefining \mapsto on input line 336.
LaTeX Info: Redefining \cong on input line 337.
LaTeX Info: Redefining \notin on input line 340.
LaTeX Info: Redefining \rightleftharpoons on input line 341.
LaTeX Info: Redefining \doteq on input line 342.
LaTeX Info: Redefining \hookrightarrow on input line 343.
LaTeX Info: Redefining \hookleftarrow on input line 344.
LaTeX Info: Redefining \bowtie on input line 345.
LaTeX Info: Redefining \models on input line 346.
LaTeX Info: Redefining \Longrightarrow on input line 347.
LaTeX Info: Redefining \longrightarrow on input line 348.
LaTeX Info: Redefining \Longleftarrow on input line 349.
LaTeX Info: Redefining \longleftarrow on input line 350.
LaTeX Info: Redefining \longmapsto on input line 351.
LaTeX Info: Redefining \longleftrightarrow on input line 352.
LaTeX Info: Redefining \Longleftrightarrow on input line 353.
LaTeX Info: Redefining \cdots on input line 357.
LaTeX Info: Redefining \vdots on input line 360.
LaTeX Info: Redefining \ddots on input line 365.
)
(/usr/share/texlive/texmf-dist/tex/latex/breqn/mathstyle.sty
Package: mathstyle 2015/08/11 v0.98d Tracking mathstyle implicitly
LaTeX Info: Redefining \displaystyle on input line 93.
LaTeX Info: Redefining \textstyle on input line 95.
LaTeX Info: Redefining \scriptstyle on input line 97.
LaTeX Info: Redefining \scriptscriptstyle on input line 99.
LaTeX Info: Redefining \genfrac on input line 145.
))
(/usr/share/texlive/texmf-dist/tex/latex/tools/calc.sty
Package: calc 2014/10/28 v4.3 Infix arithmetic (KKT,FJ)
\calc@Acount=\count132
\calc@Bcount=\count133
\calc@Adimen=\dimen165
\calc@Bdimen=\dimen166
\calc@Askip=\skip64
\calc@Bskip=\skip65
LaTeX Info: Redefining \setlength on input line 80.
LaTeX Info: Redefining \addtolength on input line 81.
\calc@Ccount=\count134
\calc@Cskip=\skip66
)
\inf@bad=\count135
\maxint=\count136
\listwidth=\dimen167
\eqnumsep=\dimen168
\eqmargin=\dimen169
\eqlinespacing=\skip67
\eqlineskip=\skip68
\eqlineskiplimit=\dimen170
\eqbinoffset=\muskip17
\eqdelimoffset=\muskip18
\eqindentstep=\dimen171
\eqstyle=\toks27
\eqbreakdepth=\count137
\eqinterlinepenalty=\count138
\intereqpenalty=\count139
\intereqskip=\skip69
\prerelpenalty=\count140
\prebinoppenalty=\count141
\Dmedmuskip=\muskip19
\Dthickmuskip=\muskip20
\eqleftskip=\skip70
\eqrightskip=\skip71
\eq@vspan=\skip72
\eq@binoffset=\muskip21
\EQ@box=\box46
\EQ@copy=\box47
\EQ@numbox=\box48
\eq@wdNum=\dimen172
\GRP@numbox=\box49
\grp@wdNum=\dimen173
\eq@lines=\count142
\eq@curline=\count143
\eq@badness=\count144
\EQ@vims=\count145
\eq@dp=\dimen174
\eq@wdL=\dimen175
\eq@wdT=\dimen176
\eq@wdMin=\dimen177
\grp@wdL=\dimen178
\grp@wdR=\dimen179
\grp@wdT=\dimen180
\eq@wdRmax=\dimen181
\eq@firstht=\dimen182
\eq@wdCond=\dimen183
\eq@indentstep=\dimen184
\eq@linewidth=\dimen185
\grp@linewidth=\dimen186
\eq@hshift=\dimen187
\eq@given@sidespace=\dimen188
\mathindent=\dimen189
\eq@final@linecount=\count146
\eq@wdR=\dimen190
\EQ@continue=\toks28
\lr@level=\count147
\GRP@queue=\toks29
\GRP@box=\box50
\GRP@wholebox=\box51
\darraycolsep=\skip73
\cur@row=\count148
\cur@col=\count149
\conditionsep=\skip74
)
(/usr/share/texlive/texmf-dist/tex/latex/tools/verbatim.sty
Package: verbatim 2014/10/28 v1.5q LaTeX2e package for verbatim enhancements
\every@verbatim=\toks30
\verbatim@line=\toks31
\verbatim@in@stream=\read1
)
(/usr/share/texlive/texmf-dist/tex/latex/pdfpages/pdfpages.sty
Package: pdfpages 2015/09/18 v0.5d Insert pages of external PDF documents (AM)

(/usr/share/texlive/texmf-dist/tex/latex/base/ifthen.sty
Package: ifthen 2014/09/29 v1.1c Standard LaTeX ifthen package (DPC)
)
(/usr/share/texlive/texmf-dist/tex/latex/eso-pic/eso-pic.sty
Package: eso-pic 2015/07/21 v2.0g eso-pic (RN)

(/usr/share/texlive/texmf-dist/tex/generic/oberdiek/atbegshi.sty
Package: atbegshi 2011/10/05 v1.16 At begin shipout hook (HO)
)
(/usr/share/texlive/texmf-dist/tex/latex/xcolor/xcolor.sty
Package: xcolor 2007/01/21 v2.11 LaTeX color extensions (UK)

(/usr/share/texlive/texmf-dist/tex/latex/latexconfig/color.cfg
File: color.cfg 2007/01/18 v1.5 color configuration of teTeX/TeXLive
)
Package xcolor Info: Driver file: pdftex.def on input line 225.
Package xcolor Info: Model `cmy' substituted by `cmy0' on input line 1337.
Package xcolor Info: Model `hsb' substituted by `rgb' on input line 1341.
Package xcolor Info: Model `RGB' extended on input line 1353.
Package xcolor Info: Model `HTML' substituted by `rgb' on input line 1355.
Package xcolor Info: Model `Hsb' substituted by `hsb' on input line 1356.
Package xcolor Info: Model `tHsb' substituted by `hsb' on input line 1357.
Package xcolor Info: Model `HSB' substituted by `hsb' on input line 1358.
Package xcolor Info: Model `Gray' substituted by `gray' on input line 1359.
Package xcolor Info: Model `wave' substituted by `hsb' on input line 1360.
))
\AM@pagewidth=\dimen191
\AM@pageheight=\dimen192

(/usr/share/texlive/texmf-dist/tex/latex/pdfpages/pppdftex.def
File: pppdftex.def 2015/09/18 v0.5d Pdfpages driver for pdfTeX (AM)
)
\AM@pagebox=\box52
\AM@toc@title=\toks32
\c@AM@survey=\count150
\AM@templatesizebox=\box53
)
(/usr/share/texlive/texmf-dist/tex/latex/natbib/natbib.sty
Package: natbib 2010/09/13 8.31b (PWD, AO)
\bibhang=\skip75
\bibsep=\skip76
LaTeX Info: Redefining \cite on input line 694.
\c@NAT@ctr=\count151
)
(/usr/share/texlive/texmf-dist/tex/latex/notoccite/notoccite.sty
Package: notoccite 2000/07/20
)
(/usr/share/texlive/texmf-dist/tex/latex/hyperref/hyperref.sty
Package: hyperref 2012/11/06 v6.83m Hypertext links for LaTeX

(/usr/share/texlive/texmf-dist/tex/generic/oberdiek/hobsub-hyperref.sty
Package: hobsub-hyperref 2012/05/28 v1.13 Bundle oberdiek, subset hyperref (HO)


(/usr/share/texlive/texmf-dist/tex/generic/oberdiek/hobsub-generic.sty
Package: hobsub-generic 2012/05/28 v1.13 Bundle oberdiek, subset generic (HO)
Package: hobsub 2012/05/28 v1.13 Construct package bundles (HO)
Package hobsub Info: Skipping package `infwarerr' (already loaded).
Package hobsub Info: Skipping package `ltxcmds' (already loaded).
Package: ifluatex 2010/03/01 v1.3 Provides the ifluatex switch (HO)
Package ifluatex Info: LuaTeX not detected.
Package hobsub Info: Skipping package `ifvtex' (already loaded).
Package: intcalc 2007/09/27 v1.1 Expandable calculations with integers (HO)
Package hobsub Info: Skipping package `ifpdf' (already loaded).
Package: etexcmds 2011/02/16 v1.5 Avoid name clashes with e-TeX commands (HO)
Package etexcmds Info: Could not find \expanded.
(etexcmds)             That can mean that you are not using pdfTeX 1.50 or
(etexcmds)             that some package has redefined \expanded.
(etexcmds)             In the latter case, load this package earlier.
Package: kvsetkeys 2012/04/25 v1.16 Key value parser (HO)
Package: kvdefinekeys 2011/04/07 v1.3 Define keys (HO)
Package: pdftexcmds 2011/11/29 v0.20 Utility functions of pdfTeX for LuaTeX (HO
)
Package pdftexcmds Info: LuaTeX not detected.
Package pdftexcmds Info: \pdf@primitive is available.
Package pdftexcmds Info: \pdf@ifprimitive is available.
Package pdftexcmds Info: \pdfdraftmode found.
Package: pdfescape 2011/11/25 v1.13 Implements pdfTeX's escape features (HO)
Package: bigintcalc 2012/04/08 v1.3 Expandable calculations on big integers (HO
)
Package: bitset 2011/01/30 v1.1 Handle bit-vector datatype (HO)
Package: uniquecounter 2011/01/30 v1.2 Provide unlimited unique counter (HO)
)
Package hobsub Info: Skipping package `hobsub' (already loaded).
Package: letltxmacro 2010/09/02 v1.4 Let assignment for LaTeX macros (HO)
Package: hopatch 2012/05/28 v1.2 Wrapper for package hooks (HO)
Package: xcolor-patch 2011/01/30 xcolor patch
Package: atveryend 2011/06/30 v1.8 Hooks at the very end of document (HO)
Package atveryend Info: \enddocument detected (standard20110627).
Package hobsub Info: Skipping package `atbegshi' (already loaded).
Package: refcount 2011/10/16 v3.4 Data extraction from label references (HO)
Package: hycolor 2011/01/30 v1.7 Color options for hyperref/bookmark (HO)
)
(/usr/share/texlive/texmf-dist/tex/latex/oberdiek/auxhook.sty
Package: auxhook 2011/03/04 v1.3 Hooks for auxiliary files (HO)
)
(/usr/share/texlive/texmf-dist/tex/latex/oberdiek/kvoptions.sty
Package: kvoptions 2011/06/30 v3.11 Key value format for package options (HO)
)
\@linkdim=\dimen193
\Hy@linkcounter=\count152
\Hy@pagecounter=\count153

(/usr/share/texlive/texmf-dist/tex/latex/hyperref/pd1enc.def
File: pd1enc.def 2012/11/06 v6.83m Hyperref: PDFDocEncoding definition (HO)
Now handling font encoding PD1 ...
... no UTF-8 mapping file for font encoding PD1
)
\Hy@SavedSpaceFactor=\count154

(/usr/share/texlive/texmf-dist/tex/latex/latexconfig/hyperref.cfg
File: hyperref.cfg 2002/06/06 v1.2 hyperref configuration of TeXLive
)
Package hyperref Info: Hyper figures OFF on input line 4443.
Package hyperref Info: Link nesting OFF on input line 4448.
Package hyperref Info: Hyper index ON on input line 4451.
Package hyperref Info: Plain pages OFF on input line 4458.
Package hyperref Info: Backreferencing OFF on input line 4463.
Package hyperref Info: Implicit mode ON; LaTeX internals redefined.
Package hyperref Info: Bookmarks ON on input line 4688.
\c@Hy@tempcnt=\count155

(/usr/share/texlive/texmf-dist/tex/latex/url/url.sty
\Urlmuskip=\muskip22
Package: url 2013/09/16  ver 3.4  Verb mode for urls, etc.
)
LaTeX Info: Redefining \url on input line 5041.
\XeTeXLinkMargin=\dimen194
\Fld@menulength=\count156
\Field@Width=\dimen195
\Fld@charsize=\dimen196
Package hyperref Info: Hyper figures OFF on input line 6295.
Package hyperref Info: Link nesting OFF on input line 6300.
Package hyperref Info: Hyper index ON on input line 6303.
Package hyperref Info: backreferencing OFF on input line 6310.
Package hyperref Info: Link coloring OFF on input line 6315.
Package hyperref Info: Link coloring with OCG OFF on input line 6320.
Package hyperref Info: PDF/A mode OFF on input line 6325.
LaTeX Info: Redefining \ref on input line 6365.
LaTeX Info: Redefining \pageref on input line 6369.
\Hy@abspage=\count157
\c@Item=\count158
\c@Hfootnote=\count159
)

Package hyperref Message: Driver (autodetected): hpdftex.

(/usr/share/texlive/texmf-dist/tex/latex/hyperref/hpdftex.def
File: hpdftex.def 2012/11/06 v6.83m Hyperref driver for pdfTeX
\Fld@listcount=\count160
\c@bookmark@seq@number=\count161

(/usr/share/texlive/texmf-dist/tex/latex/oberdiek/rerunfilecheck.sty
Package: rerunfilecheck 2011/04/15 v1.7 Rerun checks for auxiliary files (HO)
Package uniquecounter Info: New unique counter `rerunfilecheck' on input line 2
82.
)
\Hy@SectionHShift=\skip77
)
*geometry* verbose mode - [ newgeometry ] result:
* driver: 
* paper: a4paper
* layout: <same size as paper>
* layoutoffset:(h,v)=(0.0pt,0.0pt)
* modes: twoside 
* h-part:(L,W,R)=(85.35826pt, 426.79135pt, 85.35826pt)
* v-part:(T,H,B)=(85.35826pt, 674.33032pt, 85.35826pt)
* \paperwidth=597.50787pt
* \paperheight=845.04684pt
* \textwidth=426.79135pt
* \textheight=674.33032pt
* \oddsidemargin=13.08827pt
* \evensidemargin=13.08827pt
* \topmargin=-23.91173pt
* \headheight=12.0pt
* \headsep=25.0pt
* \topskip=11.0pt
* \footskip=30.0pt
* \marginparwidth=103.0pt
* \marginparsep=10.0pt
* \columnsep=10.0pt
* \skip\footins=10.0pt plus 4.0pt minus 2.0pt
* \hoffset=0.0pt
* \voffset=0.0pt
* \mag=1000
* \@twocolumnfalse
* \@twosidetrue
* \@mparswitchtrue
* \@reversemarginfalse
* (1in=72.27pt=25.4mm, 1cm=28.453pt)


(./main.aux)
\openout1 = `main.aux'.

LaTeX Font Info:    Checking defaults for OML/cmm/m/it on input line 37.
LaTeX Font Info:    ... okay on input line 37.
LaTeX Font Info:    Checking defaults for T1/cmr/m/n on input line 37.
LaTeX Font Info:    ... okay on input line 37.
LaTeX Font Info:    Checking defaults for OT1/cmr/m/n on input line 37.
LaTeX Font Info:    ... okay on input line 37.
LaTeX Font Info:    Checking defaults for OMS/cmsy/m/n on input line 37.
LaTeX Font Info:    ... okay on input line 37.
LaTeX Font Info:    Checking defaults for OMX/cmex/m/n on input line 37.
LaTeX Font Info:    ... okay on input line 37.
LaTeX Font Info:    Checking defaults for U/cmr/m/n on input line 37.
LaTeX Font Info:    ... okay on input line 37.
LaTeX Font Info:    Checking defaults for TS1/cmr/m/n on input line 37.
LaTeX Font Info:    Try loading font information for TS1+cmr on input line 37.
 (/usr/share/texlive/texmf-dist/tex/latex/base/ts1cmr.fd
File: ts1cmr.fd 2014/09/29 v2.5h Standard LaTeX font definitions
)
LaTeX Font Info:    ... okay on input line 37.
LaTeX Font Info:    Checking defaults for PD1/pdf/m/n on input line 37.
LaTeX Font Info:    ... okay on input line 37.
LaTeX Font Info:    Try loading font information for T1+bch on input line 37.

(/usr/share/texlive/texmf-dist/tex/latex/psnfss/t1bch.fd
File: t1bch.fd 2004/10/18 font definitions for T1/bch.
)
(/usr/share/texlive/texmf-dist/tex/context/base/supp-pdf.mkii
[Loading MPS to PDF converter (version 2006.09.02).]
\scratchcounter=\count162
\scratchdimen=\dimen197
\scratchbox=\box54
\nofMPsegments=\count163
\nofMParguments=\count164
\everyMPshowfont=\toks33
\MPscratchCnt=\count165
\MPscratchDim=\dimen198
\MPnumerator=\count166
\makeMPintoPDFobject=\count167
\everyMPtoPDFconversion=\toks34
) (/usr/share/texlive/texmf-dist/tex/latex/oberdiek/epstopdf-base.sty
Package: epstopdf-base 2010/02/09 v2.5 Base part for package epstopdf

(/usr/share/texlive/texmf-dist/tex/latex/oberdiek/grfext.sty
Package: grfext 2010/08/19 v1.1 Manage graphics extensions (HO)
)
Package grfext Info: Graphics extension search list:
(grfext)             [.png,.pdf,.jpg,.mps,.jpeg,.jbig2,.jb2,.PNG,.PDF,.JPG,.JPE
G,.JBIG2,.JB2,.eps]
(grfext)             \AppendGraphicsExtensions on input line 452.

(/usr/share/texlive/texmf-dist/tex/latex/latexconfig/epstopdf-sys.cfg
File: epstopdf-sys.cfg 2010/07/13 v1.3 Configuration of (r)epstopdf for TeX Liv
e
))
Package caption Info: Begin \AtBeginDocument code.
Package caption Info: float package is loaded.
Package caption Info: hyperref package is loaded.
Package caption Info: End \AtBeginDocument code.

*geometry* driver: auto-detecting
*geometry* detected driver: pdftex
*geometry* verbose mode - [ preamble ] result:
* driver: pdftex
* paper: a4paper
* layout: <same size as paper>
* layoutoffset:(h,v)=(0.0pt,0.0pt)
* modes: twoside 
* h-part:(L,W,R)=(85.35826pt, 426.79135pt, 85.35826pt)
* v-part:(T,H,B)=(85.35826pt, 674.33032pt, 85.35826pt)
* \paperwidth=597.50787pt
* \paperheight=845.04684pt
* \textwidth=426.79135pt
* \textheight=674.33032pt
* \oddsidemargin=13.08827pt
* \evensidemargin=13.08827pt
* \topmargin=-23.91173pt
* \headheight=20.0pt
* \headsep=25.0pt
* \topskip=11.0pt
* \footskip=30.0pt
* \marginparwidth=103.0pt
* \marginparsep=10.0pt
* \columnsep=10.0pt
* \skip\footins=10.0pt plus 4.0pt minus 2.0pt
* \hoffset=0.0pt
* \voffset=0.0pt
* \mag=1000
* \@twocolumnfalse
* \@twosidetrue
* \@mparswitchtrue
* \@reversemarginfalse
* (1in=72.27pt=25.4mm, 1cm=28.453pt)

\symgns@font=\mathgroup4
LaTeX Font Info:    Overwriting symbol font `gns@font' in version `bold'
(Font)                  TS1/bch/m/n --> TS1/bch/b/n on input line 37.
Package gensymb Info: Math companion symbols declared on input line 37.
LaTeX Info: Redefining \degree on input line 37.
LaTeX Info: Redefining \celsius on input line 37.
Package gensymb Info: Using text companion symbols for \degree, \celsius and \p
erthousand on input line 37.
LaTeX Info: Redefining \ohm on input line 37.
Package gensymb Info: Using \textohm for \ohm on input line 37.
Package gensymb Info: Using \textmu for \micro on input line 37.
\AtBeginShipoutBox=\box55
(/usr/share/texlive/texmf-dist/tex/latex/oberdiek/pdflscape.sty
Package: pdflscape 2008/08/11 v0.10 Display of landscape pages in PDF (HO)

(/usr/share/texlive/texmf-dist/tex/latex/graphics/lscape.sty
Package: lscape 2000/10/22 v3.01 Landscape Pages (DPC)
)
Package pdflscape Info: Auto-detected driver: pdftex on input line 80.
)
Package hyperref Info: Link coloring OFF on input line 37.

(/usr/share/texlive/texmf-dist/tex/latex/hyperref/nameref.sty
Package: nameref 2012/10/27 v2.43 Cross-referencing by name of section

(/usr/share/texlive/texmf-dist/tex/generic/oberdiek/gettitlestring.sty
Package: gettitlestring 2010/12/03 v1.4 Cleanup title references (HO)
)
\c@section@level=\count168
)
LaTeX Info: Redefining \ref on input line 37.
LaTeX Info: Redefining \pageref on input line 37.
LaTeX Info: Redefining \nameref on input line 37.

(./main.out) (./main.out)
\@outlinefile=\write3
\openout3 = `main.out'.

 (./sections/firstpage.tex
LaTeX Font Info:    Try loading font information for T1+cmss on input line 2.

(/usr/share/texlive/texmf-dist/tex/latex/base/t1cmss.fd
File: t1cmss.fd 2014/09/29 v2.5h Standard LaTeX font definitions
)
<logokth.png, id=112, 285.7074pt x 285.7074pt>
File: logokth.png Graphic file (type png)
 <use logokth.png>
Package pdftex.def Info: logokth.png used on input line 4.
(pdftex.def)             Requested size: 199.99379pt x 199.99379pt.


LaTeX Font Warning: Font shape `T1/cmss/b/n' undefined
(Font)              using `T1/cmss/m/n' instead on input line 6.


LaTeX Font Warning: Font shape `T1/cmss/m/sc' in size <17.28> not available
(Font)              Font shape `T1/cmr/m/sc' tried instead on input line 19.

LaTeX Font Info:    Try loading font information for TS1+bch on input line 22.
(/usr/share/texlive/texmf-dist/tex/latex/psnfss/ts1bch.fd
File: ts1bch.fd 2004/10/18 font definitions for TS1/bch.
)

LaTeX Font Warning: Font shape `T1/cmss/m/sc' in size <12> not available
(Font)              Font shape `T1/cmr/m/sc' tried instead on input line 26.

[1


{/var/lib/texmf/fonts/map/pdftex/updmap/pdftex.map} <./logokth.png>])
(./sections/acknowledgement.tex [2]) (./main.toc)
\tf@toc=\write4
\openout4 = `main.toc'.

pdfTeX warning (ext4): destination with the same identifier (name{page.1}) has 
been already used, duplicate ignored
<to be read again> 
                   \relax 
l.53 \clearpage
                [1

] (./sections/section1.tex
<pictures/Sources_in_engines.png, id=164, 933.4875pt x 657.2053pt>
File: pictures/Sources_in_engines.png Graphic file (type png)

<use pictures/Sources_in_engines.png>
Package pdftex.def Info: pictures/Sources_in_engines.png used on input line 6.
(pdftex.def)             Requested size: 466.74261pt x 328.60184pt.

Overfull \hbox (39.95126pt too wide) in paragraph at lines 6--7
 [][] 
 []

<pictures/typical_perforate_liner.png, id=167, 699.61375pt x 878.28125pt>
File: pictures/typical_perforate_liner.png Graphic file (type png)

<use pictures/typical_perforate_liner.png>
Package pdftex.def Info: pictures/typical_perforate_liner.png used on input lin
e 12.
(pdftex.def)             Requested size: 279.84055pt x 351.30627pt.

Underfull \vbox (badness 1817) has occurred while \output is active []

pdfTeX warning (ext4): destination with the same identifier (name{page.2}) has 
been already used, duplicate ignored
<to be read again> 
                   \relax 
l.15 A
      ircraft suppliers need to well understand how work these liners to opt...
[2

 <./pictures/Sources_in_engines.png>] [3 <./pictures/typical_perforate_liner.pn
g>]) (./sections/section2.tex [4

]
Package epstopdf Info: Source file: <pictures/modeR00.eps>
(epstopdf)                    date: 2017-06-21 09:41:40
(epstopdf)                    size: 10364 bytes
(epstopdf)             Output file: <pictures/modeR00-eps-converted-to.pdf>
(epstopdf)                    date: 2017-06-21 14:21:59
(epstopdf)                    size: 6665 bytes
(epstopdf)             Command: <repstopdf --outfile=pictures/modeR00-eps-conve
rted-to.pdf pictures/modeR00.eps>
(epstopdf)             \includegraphics on input line 64.
Package epstopdf Info: Output file is already uptodate.

<pictures/modeR00-eps-converted-to.pdf, id=202, 422.57875pt x 317.185pt>
File: pictures/modeR00-eps-converted-to.pdf Graphic file (type pdf)

<use pictures/modeR00-eps-converted-to.pdf>
Package pdftex.def Info: pictures/modeR00-eps-converted-to.pdf used on input li
ne 64.
(pdftex.def)             Requested size: 170.71718pt x 128.13977pt.
Package epstopdf Info: Source file: <pictures/modeR01.eps>
(epstopdf)                    date: 2017-06-21 09:41:40
(epstopdf)                    size: 11722 bytes
(epstopdf)             Output file: <pictures/modeR01-eps-converted-to.pdf>
(epstopdf)                    date: 2017-06-21 14:21:59
(epstopdf)                    size: 8169 bytes
(epstopdf)             Command: <repstopdf --outfile=pictures/modeR01-eps-conve
rted-to.pdf pictures/modeR01.eps>
(epstopdf)             \includegraphics on input line 68.
Package epstopdf Info: Output file is already uptodate.

<pictures/modeR01-eps-converted-to.pdf, id=203, 422.57875pt x 317.185pt>
File: pictures/modeR01-eps-converted-to.pdf Graphic file (type pdf)

<use pictures/modeR01-eps-converted-to.pdf>
Package pdftex.def Info: pictures/modeR01-eps-converted-to.pdf used on input li
ne 68.
(pdftex.def)             Requested size: 170.71718pt x 128.13977pt.
Package epstopdf Info: Source file: <pictures/modeR10.eps>
(epstopdf)                    date: 2017-06-21 09:41:40
(epstopdf)                    size: 11638 bytes
(epstopdf)             Output file: <pictures/modeR10-eps-converted-to.pdf>
(epstopdf)                    date: 2017-06-21 14:21:59
(epstopdf)                    size: 6970 bytes
(epstopdf)             Command: <repstopdf --outfile=pictures/modeR10-eps-conve
rted-to.pdf pictures/modeR10.eps>
(epstopdf)             \includegraphics on input line 72.
Package epstopdf Info: Output file is already uptodate.

<pictures/modeR10-eps-converted-to.pdf, id=204, 422.57875pt x 317.185pt>
File: pictures/modeR10-eps-converted-to.pdf Graphic file (type pdf)

<use pictures/modeR10-eps-converted-to.pdf>
Package pdftex.def Info: pictures/modeR10-eps-converted-to.pdf used on input li
ne 72.
(pdftex.def)             Requested size: 170.71718pt x 128.13977pt.
Package epstopdf Info: Source file: <pictures/modeR11.eps>
(epstopdf)                    date: 2017-06-21 09:41:40
(epstopdf)                    size: 44614 bytes
(epstopdf)             Output file: <pictures/modeR11-eps-converted-to.pdf>
(epstopdf)                    date: 2017-06-21 14:21:59
(epstopdf)                    size: 28546 bytes
(epstopdf)             Command: <repstopdf --outfile=pictures/modeR11-eps-conve
rted-to.pdf pictures/modeR11.eps>
(epstopdf)             \includegraphics on input line 76.
Package epstopdf Info: Output file is already uptodate.

<pictures/modeR11-eps-converted-to.pdf, id=205, 422.57875pt x 317.185pt>
File: pictures/modeR11-eps-converted-to.pdf Graphic file (type pdf)

<use pictures/modeR11-eps-converted-to.pdf>
Package pdftex.def Info: pictures/modeR11-eps-converted-to.pdf used on input li
ne 76.
(pdftex.def)             Requested size: 170.71718pt x 128.13977pt.
 [5 <./pictures/modeR00-eps-converted-to.pdf> <./pictures/modeR01-eps-converted
-to.pdf> <./pictures/modeR10-eps-converted-to.pdf> <./pictures/modeR11-eps-conv
erted-to.pdf>]
Package epstopdf Info: Source file: <pictures/modeC00.eps>
(epstopdf)                    date: 2017-06-21 09:41:40
(epstopdf)                    size: 15378 bytes
(epstopdf)             Output file: <pictures/modeC00-eps-converted-to.pdf>
(epstopdf)                    date: 2017-06-21 14:21:59
(epstopdf)                    size: 10305 bytes
(epstopdf)             Command: <repstopdf --outfile=pictures/modeC00-eps-conve
rted-to.pdf pictures/modeC00.eps>
(epstopdf)             \includegraphics on input line 106.
Package epstopdf Info: Output file is already uptodate.

<pictures/modeC00-eps-converted-to.pdf, id=240, 422.57875pt x 317.185pt>
File: pictures/modeC00-eps-converted-to.pdf Graphic file (type pdf)

<use pictures/modeC00-eps-converted-to.pdf>
Package pdftex.def Info: pictures/modeC00-eps-converted-to.pdf used on input li
ne 106.
(pdftex.def)             Requested size: 170.71718pt x 128.13977pt.
Package epstopdf Info: Source file: <pictures/modeC01.eps>
(epstopdf)                    date: 2017-06-21 09:41:40
(epstopdf)                    size: 48672 bytes
(epstopdf)             Output file: <pictures/modeC01-eps-converted-to.pdf>
(epstopdf)                    date: 2017-06-21 14:21:59
(epstopdf)                    size: 32348 bytes
(epstopdf)             Command: <repstopdf --outfile=pictures/modeC01-eps-conve
rted-to.pdf pictures/modeC01.eps>
(epstopdf)             \includegraphics on input line 110.
Package epstopdf Info: Output file is already uptodate.

<pictures/modeC01-eps-converted-to.pdf, id=241, 422.57875pt x 317.185pt>
File: pictures/modeC01-eps-converted-to.pdf Graphic file (type pdf)

<use pictures/modeC01-eps-converted-to.pdf>
Package pdftex.def Info: pictures/modeC01-eps-converted-to.pdf used on input li
ne 110.
(pdftex.def)             Requested size: 170.71718pt x 128.13977pt.
Package epstopdf Info: Source file: <pictures/modeC10.eps>
(epstopdf)                    date: 2017-06-21 09:41:40
(epstopdf)                    size: 48312 bytes
(epstopdf)             Output file: <pictures/modeC10-eps-converted-to.pdf>
(epstopdf)                    date: 2017-06-21 14:21:59
(epstopdf)                    size: 32335 bytes
(epstopdf)             Command: <repstopdf --outfile=pictures/modeC10-eps-conve
rted-to.pdf pictures/modeC10.eps>
(epstopdf)             \includegraphics on input line 114.
Package epstopdf Info: Output file is already uptodate.

<pictures/modeC10-eps-converted-to.pdf, id=242, 422.57875pt x 317.185pt>
File: pictures/modeC10-eps-converted-to.pdf Graphic file (type pdf)

<use pictures/modeC10-eps-converted-to.pdf>
Package pdftex.def Info: pictures/modeC10-eps-converted-to.pdf used on input li
ne 114.
(pdftex.def)             Requested size: 170.71718pt x 128.13977pt.
Package epstopdf Info: Source file: <pictures/modeC11.eps>
(epstopdf)                    date: 2017-06-21 09:41:40
(epstopdf)                    size: 80131 bytes
(epstopdf)             Output file: <pictures/modeC11-eps-converted-to.pdf>
(epstopdf)                    date: 2017-06-21 14:21:59
(epstopdf)                    size: 48401 bytes
(epstopdf)             Command: <repstopdf --outfile=pictures/modeC11-eps-conve
rted-to.pdf pictures/modeC11.eps>
(epstopdf)             \includegraphics on input line 118.
Package epstopdf Info: Output file is already uptodate.

<pictures/modeC11-eps-converted-to.pdf, id=243, 422.57875pt x 317.185pt>
File: pictures/modeC11-eps-converted-to.pdf Graphic file (type pdf)

<use pictures/modeC11-eps-converted-to.pdf>
Package pdftex.def Info: pictures/modeC11-eps-converted-to.pdf used on input li
ne 118.
(pdftex.def)             Requested size: 170.71718pt x 128.13977pt.
 [6 <./pictures/modeC00-eps-converted-to.pdf> <./pictures/modeC01-eps-converted
-to.pdf> <./pictures/modeC10-eps-converted-to.pdf> <./pictures/modeC11-eps-conv
erted-to.pdf>]
<pictures/Scatteringmatrix.png, id=282, 904.8204pt x 396.0396pt>
File: pictures/Scatteringmatrix.png Graphic file (type png)

<use pictures/Scatteringmatrix.png>
Package pdftex.def Info: pictures/Scatteringmatrix.png used on input line 145.
(pdftex.def)             Requested size: 407.16542pt x 178.21616pt.
 [7 <./pictures/Scatteringmatrix.png>]
Underfull \hbox (badness 10000) in paragraph at lines 215--219

 []

<pictures/Impedance_Tube.jpg, id=297, 444.91219pt x 183.68625pt>
File: pictures/Impedance_Tube.jpg Graphic file (type jpg)

<use pictures/Impedance_Tube.jpg>
Package pdftex.def Info: pictures/Impedance_Tube.jpg used on input line 246.
(pdftex.def)             Requested size: 355.93022pt x 146.94917pt.
 [8]
<pictures/In_situ.png, id=313, 1100.11pt x 573.14125pt>
File: pictures/In_situ.png Graphic file (type png)

<use pictures/In_situ.png>
Package pdftex.def Info: pictures/In_situ.png used on input line 263.
(pdftex.def)             Requested size: 385.04427pt x 200.60243pt.

<pictures/Zhourectduct.png, id=315, 772.8072pt x 538.1706pt>
File: pictures/Zhourectduct.png Graphic file (type png)

<use pictures/Zhourectduct.png>
Package pdftex.def Info: pictures/Zhourectduct.png used on input line 271.
(pdftex.def)             Requested size: 193.20132pt x 134.54231pt.
 [9 <./pictures/Impedance_Tube.jpg> <./pictures/In_situ.png>] <pictures/ModeMat
ch.png, id=328, 963.6pt x 330.9966pt>
File: pictures/ModeMatch.png Graphic file (type png)

<use pictures/ModeMatch.png>
Package pdftex.def Info: pictures/ModeMatch.png used on input line 278.
(pdftex.def)             Requested size: 385.43317pt x 132.39629pt.
 [10 <./pictures/Zhourectduct.png> <./pictures/ModeMatch.png>] [11] [12]
Package epstopdf Info: Source file: <pictures/kx01_05.eps>
(epstopdf)                    date: 2017-06-21 09:41:44
(epstopdf)                    size: 237263 bytes
(epstopdf)             Output file: <pictures/kx01_05-eps-converted-to.pdf>
(epstopdf)                    date: 2017-06-21 14:21:59
(epstopdf)                    size: 141600 bytes
(epstopdf)             Command: <repstopdf --outfile=pictures/kx01_05-eps-conve
rted-to.pdf pictures/kx01_05.eps>
(epstopdf)             \includegraphics on input line 414.
Package epstopdf Info: Output file is already uptodate.

<pictures/kx01_05-eps-converted-to.pdf, id=374, 421.575pt x 316.18124pt>
File: pictures/kx01_05-eps-converted-to.pdf Graphic file (type pdf)

<use pictures/kx01_05-eps-converted-to.pdf>
Package pdftex.def Info: pictures/kx01_05-eps-converted-to.pdf used on input li
ne 414.
(pdftex.def)             Requested size: 241.13815pt x 180.8572pt.

Overfull \hbox (27.74248pt too wide) in paragraph at lines 414--415
 [][] 
 []

Package epstopdf Info: Source file: <pictures/kx01_10.eps>
(epstopdf)                    date: 2017-06-21 09:41:44
(epstopdf)                    size: 237826 bytes
(epstopdf)             Output file: <pictures/kx01_10-eps-converted-to.pdf>
(epstopdf)                    date: 2017-06-21 14:21:59
(epstopdf)                    size: 143256 bytes
(epstopdf)             Command: <repstopdf --outfile=pictures/kx01_10-eps-conve
rted-to.pdf pictures/kx01_10.eps>
(epstopdf)             \includegraphics on input line 418.
Package epstopdf Info: Output file is already uptodate.
<pictures/kx01_10-eps-converted-to.pdf, id=375, 421.575pt x 316.18124pt>
File: pictures/kx01_10-eps-converted-to.pdf Graphic file (type pdf)

<use pictures/kx01_10-eps-converted-to.pdf>
Package pdftex.def Info: pictures/kx01_10-eps-converted-to.pdf used on input li
ne 418.
(pdftex.def)             Requested size: 241.13815pt x 180.8572pt.

Overfull \hbox (27.74248pt too wide) in paragraph at lines 418--419
 [][] 
 []

Package epstopdf Info: Source file: <pictures/kx01_15.eps>
(epstopdf)                    date: 2017-06-21 09:41:44
(epstopdf)                    size: 237811 bytes
(epstopdf)             Output file: <pictures/kx01_15-eps-converted-to.pdf>
(epstopdf)                    date: 2017-06-21 14:21:59
(epstopdf)                    size: 142785 bytes
(epstopdf)             Command: <repstopdf --outfile=pictures/kx01_15-eps-conve
rted-to.pdf pictures/kx01_15.eps>
(epstopdf)             \includegraphics on input line 422.
Package epstopdf Info: Output file is already uptodate.
<pictures/kx01_15-eps-converted-to.pdf, id=376, 421.575pt x 316.18124pt>
File: pictures/kx01_15-eps-converted-to.pdf Graphic file (type pdf)

<use pictures/kx01_15-eps-converted-to.pdf>
Package pdftex.def Info: pictures/kx01_15-eps-converted-to.pdf used on input li
ne 422.
(pdftex.def)             Requested size: 241.13815pt x 180.8572pt.

Overfull \hbox (27.74248pt too wide) in paragraph at lines 422--423
 [][] 
 []

Package epstopdf Info: Source file: <pictures/kx01_20.eps>
(epstopdf)                    date: 2017-06-21 09:41:44
(epstopdf)                    size: 237845 bytes
(epstopdf)             Output file: <pictures/kx01_20-eps-converted-to.pdf>
(epstopdf)                    date: 2017-06-21 14:21:59
(epstopdf)                    size: 141919 bytes
(epstopdf)             Command: <repstopdf --outfile=pictures/kx01_20-eps-conve
rted-to.pdf pictures/kx01_20.eps>
(epstopdf)             \includegraphics on input line 426.
Package epstopdf Info: Output file is already uptodate.
<pictures/kx01_20-eps-converted-to.pdf, id=377, 421.575pt x 316.18124pt>
File: pictures/kx01_20-eps-converted-to.pdf Graphic file (type pdf)

<use pictures/kx01_20-eps-converted-to.pdf>
Package pdftex.def Info: pictures/kx01_20-eps-converted-to.pdf used on input li
ne 426.
(pdftex.def)             Requested size: 241.13815pt x 180.8572pt.

Overfull \hbox (27.74248pt too wide) in paragraph at lines 426--427
 [][] 
 []

Package epstopdf Info: Source file: <pictures/kx01_Opt.eps>
(epstopdf)                    date: 2017-06-21 09:41:44
(epstopdf)                    size: 238296 bytes
(epstopdf)             Output file: <pictures/kx01_Opt-eps-converted-to.pdf>
(epstopdf)                    date: 2017-06-21 14:21:59
(epstopdf)                    size: 143609 bytes
(epstopdf)             Command: <repstopdf --outfile=pictures/kx01_Opt-eps-conv
erted-to.pdf pictures/kx01_Opt.eps>
(epstopdf)             \includegraphics on input line 433.
Package epstopdf Info: Output file is already uptodate.
<pictures/kx01_Opt-eps-converted-to.pdf, id=381, 568.1225pt x 407.5225pt>
File: pictures/kx01_Opt-eps-converted-to.pdf Graphic file (type pdf)

<use pictures/kx01_Opt-eps-converted-to.pdf>
Package pdftex.def Info: pictures/kx01_Opt-eps-converted-to.pdf used on input l
ine 433.
(pdftex.def)             Requested size: 397.68303pt x 285.2638pt.
 [13

 <./pictures/kx01_05-eps-converted-to.pdf> <./pictures/kx01_10-eps-converted-to
.pdf> <./pictures/kx01_15-eps-converted-to.pdf> <./pictures/kx01_20-eps-convert
ed-to.pdf>]
Package epstopdf Info: Source file: <pictures/kx11_OptCirc.eps>
(epstopdf)                    date: 2017-06-21 11:57:47
(epstopdf)                    size: 445239 bytes
(epstopdf)             Output file: <pictures/kx11_OptCirc-eps-converted-to.pdf
>
(epstopdf)                    date: 2017-06-21 14:21:59
(epstopdf)                    size: 158567 bytes
(epstopdf)             Command: <repstopdf --outfile=pictures/kx11_OptCirc-eps-
converted-to.pdf pictures/kx11_OptCirc.eps>
(epstopdf)             \includegraphics on input line 458.
Package epstopdf Info: Output file is already uptodate.

<pictures/kx11_OptCirc-eps-converted-to.pdf, id=413, 560.0925pt x 404.51125pt>
File: pictures/kx11_OptCirc-eps-converted-to.pdf Graphic file (type pdf)

<use pictures/kx11_OptCirc-eps-converted-to.pdf>
Package pdftex.def Info: pictures/kx11_OptCirc-eps-converted-to.pdf used on inp
ut line 458.
(pdftex.def)             Requested size: 392.06207pt x 283.15593pt.
 [14 <./pictures/kx01_Opt-eps-converted-to.pdf>] [15 <./pictures/kx11_OptCirc-e
ps-converted-to.pdf>] [16])
(./sections/section3.tex
<pictures/MWL_flow_acoustic_test_rig.png, id=457, 611.28375pt x 291.0875pt>
File: pictures/MWL_flow_acoustic_test_rig.png Graphic file (type png)

<use pictures/MWL_flow_acoustic_test_rig.png>
Package pdftex.def Info: pictures/MWL_flow_acoustic_test_rig.png used on input 
line 11.
(pdftex.def)             Requested size: 366.77307pt x 174.65384pt.

<pictures/ExpSetup3.jpg, id=458, 1846.9pt x 3292.3pt>
File: pictures/ExpSetup3.jpg Graphic file (type jpg)

<use pictures/ExpSetup3.jpg>
Package pdftex.def Info: pictures/ExpSetup3.jpg used on input line 16.
(pdftex.def)             Requested size: 92.3504pt x 164.62463pt.
 [17

 <./pictures/MWL_flow_acoustic_test_rig.png> <./pictures/ExpSetup3.jpg>]
<pictures/Sketch_KTH_rig.png, id=466, 949.146pt x 299.1978pt>
File: pictures/Sketch_KTH_rig.png Graphic file (type png)

<use pictures/Sketch_KTH_rig.png>
Package pdftex.def Info: pictures/Sketch_KTH_rig.png used on input line 29.
(pdftex.def)             Requested size: 379.65167pt x 119.67699pt.

<pictures/ExpSetup1.jpg, id=467, 3292.3pt x 1846.9pt>
File: pictures/ExpSetup1.jpg Graphic file (type jpg)

<use pictures/ExpSetup1.jpg>
Package pdftex.def Info: pictures/ExpSetup1.jpg used on input line 39.
(pdftex.def)             Requested size: 329.24928pt x 184.70082pt.

<pictures/ExpSetup2.jpg, id=468, 3292.3pt x 1846.9pt>
File: pictures/ExpSetup2.jpg Graphic file (type jpg)

<use pictures/ExpSetup2.jpg>
Package pdftex.def Info: pictures/ExpSetup2.jpg used on input line 43.
(pdftex.def)             Requested size: 329.24928pt x 184.70082pt.
 [18

 <./pictures/Sketch_KTH_rig.png> <./pictures/ExpSetup1.jpg>] <pictures/ExpSetup
5.jpg, id=477, 3292.3pt x 1846.9pt>
File: pictures/ExpSetup5.jpg Graphic file (type jpg)

<use pictures/ExpSetup5.jpg>
Package pdftex.def Info: pictures/ExpSetup5.jpg used on input line 48.
(pdftex.def)             Requested size: 263.38937pt x 147.75502pt.

<pictures/ExpSetup4.jpg, id=479, 1846.9pt x 3292.3pt>
File: pictures/ExpSetup4.jpg Graphic file (type jpg)

<use pictures/ExpSetup4.jpg>
Package pdftex.def Info: pictures/ExpSetup4.jpg used on input line 53.
(pdftex.def)             Requested size: 92.3504pt x 164.62463pt.

<pictures/Acquisition1.jpg, id=480, 1846.9pt x 3292.3pt>
File: pictures/Acquisition1.jpg Graphic file (type jpg)

<use pictures/Acquisition1.jpg>
Package pdftex.def Info: pictures/Acquisition1.jpg used on input line 61.
(pdftex.def)             Requested size: 170.71718pt x 304.2818pt.

<pictures/Acquisition2.jpg, id=481, 1846.9pt x 3292.3pt>
File: pictures/Acquisition2.jpg Graphic file (type jpg)

<use pictures/Acquisition2.jpg>
Package pdftex.def Info: pictures/Acquisition2.jpg used on input line 65.
(pdftex.def)             Requested size: 170.71718pt x 304.2818pt.
 [19 <./pictures/ExpSetup2.jpg> <./pictures/ExpSetup5.jpg> <./pictures/ExpSetup
4.jpg>] [20 <./pictures/Acquisition1.jpg> <./pictures/Acquisition2.jpg>]
Package epstopdf Info: Source file: <pictures/PTimeNoLiner.eps>
(epstopdf)                    date: 2017-06-21 09:41:42
(epstopdf)                    size: 19242 bytes
(epstopdf)             Output file: <pictures/PTimeNoLiner-eps-converted-to.pdf
>
(epstopdf)                    date: 2017-06-21 14:21:59
(epstopdf)                    size: 8008 bytes
(epstopdf)             Command: <repstopdf --outfile=pictures/PTimeNoLiner-eps-
converted-to.pdf pictures/PTimeNoLiner.eps>
(epstopdf)             \includegraphics on input line 82.
Package epstopdf Info: Output file is already uptodate.

<pictures/PTimeNoLiner-eps-converted-to.pdf, id=496, 421.575pt x 316.18124pt>
File: pictures/PTimeNoLiner-eps-converted-to.pdf Graphic file (type pdf)

<use pictures/PTimeNoLiner-eps-converted-to.pdf>
Package pdftex.def Info: pictures/PTimeNoLiner-eps-converted-to.pdf used on inp
ut line 82.
(pdftex.def)             Requested size: 295.10048pt x 221.32535pt.
Package epstopdf Info: Source file: <pictures/PHilbertNoLiner.eps>
(epstopdf)                    date: 2017-06-21 09:41:42
(epstopdf)                    size: 18199 bytes
(epstopdf)             Output file: <pictures/PHilbertNoLiner-eps-converted-to.
pdf>
(epstopdf)                    date: 2017-06-21 14:21:59
(epstopdf)                    size: 7434 bytes
(epstopdf)             Command: <repstopdf --outfile=pictures/PHilbertNoLiner-e
ps-converted-to.pdf pictures/PHilbertNoLiner.eps>
(epstopdf)             \includegraphics on input line 87.
Package epstopdf Info: Output file is already uptodate.

<pictures/PHilbertNoLiner-eps-converted-to.pdf, id=497, 421.575pt x 316.18124pt
>
File: pictures/PHilbertNoLiner-eps-converted-to.pdf Graphic file (type pdf)
 <use pictures/PHilbertNoLiner-eps-converted-to.pdf>
Package pdftex.def Info: pictures/PHilbertNoLiner-eps-converted-to.pdf used on 
input line 87.
(pdftex.def)             Requested size: 295.10048pt x 221.32535pt.
Package epstopdf Info: Source file: <pictures/PHilbertFiltreNoLiner.eps>
(epstopdf)                    date: 2017-06-21 09:41:42
(epstopdf)                    size: 18229 bytes
(epstopdf)             Output file: <pictures/PHilbertFiltreNoLiner-eps-convert
ed-to.pdf>
(epstopdf)                    date: 2017-06-21 14:21:59
(epstopdf)                    size: 7294 bytes
(epstopdf)             Command: <repstopdf --outfile=pictures/PHilbertFiltreNoL
iner-eps-converted-to.pdf pictures/PHilbertFiltreNoLiner.eps>
(epstopdf)             \includegraphics on input line 92.
Package epstopdf Info: Output file is already uptodate.

<pictures/PHilbertFiltreNoLiner-eps-converted-to.pdf, id=498, 421.575pt x 316.1
8124pt>
File: pictures/PHilbertFiltreNoLiner-eps-converted-to.pdf Graphic file (type pd
f)
 <use pictures/PHilbertFiltreNoLiner-eps-converted-to.pdf>
Package pdftex.def Info: pictures/PHilbertFiltreNoLiner-eps-converted-to.pdf us
ed on input line 92.
(pdftex.def)             Requested size: 295.10048pt x 221.32535pt.
 [21 <./pictures/PTimeNoLiner-eps-converted-to.pdf> <./pictures/PHilbertNoLiner
-eps-converted-to.pdf>]
Package epstopdf Info: Source file: <pictures/ScatNoLin.eps>
(epstopdf)                    date: 2017-06-21 09:41:42
(epstopdf)                    size: 22523 bytes
(epstopdf)             Output file: <pictures/ScatNoLin-eps-converted-to.pdf>
(epstopdf)                    date: 2017-06-21 14:21:59
(epstopdf)                    size: 5685 bytes
(epstopdf)             Command: <repstopdf --outfile=pictures/ScatNoLin-eps-con
verted-to.pdf pictures/ScatNoLin.eps>
(epstopdf)             \includegraphics on input line 103.
Package epstopdf Info: Output file is already uptodate.

<pictures/ScatNoLin-eps-converted-to.pdf, id=515, 421.575pt x 316.18124pt>
File: pictures/ScatNoLin-eps-converted-to.pdf Graphic file (type pdf)

<use pictures/ScatNoLin-eps-converted-to.pdf>
Package pdftex.def Info: pictures/ScatNoLin-eps-converted-to.pdf used on input 
line 103.
(pdftex.def)             Requested size: 295.10048pt x 221.32535pt.
Package epstopdf Info: Source file: <pictures/TNoLinAll.eps>
(epstopdf)                    date: 2017-06-21 09:41:44
(epstopdf)                    size: 17417 bytes
(epstopdf)             Output file: <pictures/TNoLinAll-eps-converted-to.pdf>
(epstopdf)                    date: 2017-06-21 14:21:59
(epstopdf)                    size: 8079 bytes
(epstopdf)             Command: <repstopdf --outfile=pictures/TNoLinAll-eps-con
verted-to.pdf pictures/TNoLinAll.eps>
(epstopdf)             \includegraphics on input line 108.
Package epstopdf Info: Output file is already uptodate.

<pictures/TNoLinAll-eps-converted-to.pdf, id=516, 421.575pt x 316.18124pt>
File: pictures/TNoLinAll-eps-converted-to.pdf Graphic file (type pdf)

<use pictures/TNoLinAll-eps-converted-to.pdf>
Package pdftex.def Info: pictures/TNoLinAll-eps-converted-to.pdf used on input 
line 108.
(pdftex.def)             Requested size: 295.10048pt x 221.32535pt.
 [22 <./pictures/PHilbertFiltreNoLiner-eps-converted-to.pdf> <./pictures/ScatNo
Lin-eps-converted-to.pdf>]
Package epstopdf Info: Source file: <pictures/ScatLinNoFlow.eps>
(epstopdf)                    date: 2017-06-21 09:41:42
(epstopdf)                    size: 22548 bytes
(epstopdf)             Output file: <pictures/ScatLinNoFlow-eps-converted-to.pd
f>
(epstopdf)                    date: 2017-06-21 14:21:59
(epstopdf)                    size: 5717 bytes
(epstopdf)             Command: <repstopdf --outfile=pictures/ScatLinNoFlow-eps
-converted-to.pdf pictures/ScatLinNoFlow.eps>
(epstopdf)             \includegraphics on input line 120.
Package epstopdf Info: Output file is already uptodate.

<pictures/ScatLinNoFlow-eps-converted-to.pdf, id=533, 421.575pt x 316.18124pt>
File: pictures/ScatLinNoFlow-eps-converted-to.pdf Graphic file (type pdf)

<use pictures/ScatLinNoFlow-eps-converted-to.pdf>
Package pdftex.def Info: pictures/ScatLinNoFlow-eps-converted-to.pdf used on in
put line 120.
(pdftex.def)             Requested size: 295.10048pt x 221.32535pt.
 [23 <./pictures/TNoLinAll-eps-converted-to.pdf> <./pictures/ScatLinNoFlow-eps-
converted-to.pdf>]
Package epstopdf Info: Source file: <pictures/TLinM016.eps>
(epstopdf)                    date: 2017-06-21 09:41:44
(epstopdf)                    size: 14813 bytes
(epstopdf)             Output file: <pictures/TLinM016-eps-converted-to.pdf>
(epstopdf)                    date: 2017-06-21 14:21:59
(epstopdf)                    size: 6911 bytes
(epstopdf)             Command: <repstopdf --outfile=pictures/TLinM016-eps-conv
erted-to.pdf pictures/TLinM016.eps>
(epstopdf)             \includegraphics on input line 132.
Package epstopdf Info: Output file is already uptodate.

<pictures/TLinM016-eps-converted-to.pdf, id=551, 421.575pt x 316.18124pt>
File: pictures/TLinM016-eps-converted-to.pdf Graphic file (type pdf)

<use pictures/TLinM016-eps-converted-to.pdf>
Package pdftex.def Info: pictures/TLinM016-eps-converted-to.pdf used on input l
ine 132.
(pdftex.def)             Requested size: 295.10048pt x 221.32535pt.
 [24 <./pictures/TLinM016-eps-converted-to.pdf>]
Package epstopdf Info: Source file: <pictures/T21Lin1.eps>
(epstopdf)                    date: 2017-06-21 09:41:44
(epstopdf)                    size: 16512 bytes
(epstopdf)             Output file: <pictures/T21Lin1-eps-converted-to.pdf>
(epstopdf)                    date: 2017-06-21 14:21:59
(epstopdf)                    size: 7093 bytes
(epstopdf)             Command: <repstopdf --outfile=pictures/T21Lin1-eps-conve
rted-to.pdf pictures/T21Lin1.eps>
(epstopdf)             \includegraphics on input line 143.
Package epstopdf Info: Output file is already uptodate.

<pictures/T21Lin1-eps-converted-to.pdf, id=563, 421.575pt x 316.18124pt>
File: pictures/T21Lin1-eps-converted-to.pdf Graphic file (type pdf)

<use pictures/T21Lin1-eps-converted-to.pdf>
Package pdftex.def Info: pictures/T21Lin1-eps-converted-to.pdf used on input li
ne 143.
(pdftex.def)             Requested size: 213.39568pt x 160.04898pt.
Package epstopdf Info: Source file: <pictures/T12Lin1.eps>
(epstopdf)                    date: 2017-06-21 09:41:42
(epstopdf)                    size: 16516 bytes
(epstopdf)             Output file: <pictures/T12Lin1-eps-converted-to.pdf>
(epstopdf)                    date: 2017-06-21 14:21:59
(epstopdf)                    size: 7088 bytes
(epstopdf)             Command: <repstopdf --outfile=pictures/T12Lin1-eps-conve
rted-to.pdf pictures/T12Lin1.eps>
(epstopdf)             \includegraphics on input line 147.
Package epstopdf Info: Output file is already uptodate.

<pictures/T12Lin1-eps-converted-to.pdf, id=564, 421.575pt x 316.18124pt>
File: pictures/T12Lin1-eps-converted-to.pdf Graphic file (type pdf)

<use pictures/T12Lin1-eps-converted-to.pdf>
Package pdftex.def Info: pictures/T12Lin1-eps-converted-to.pdf used on input li
ne 147.
(pdftex.def)             Requested size: 213.39568pt x 160.04898pt.
Package epstopdf Info: Source file: <pictures/T12M016.eps>
(epstopdf)                    date: 2017-06-21 09:41:42
(epstopdf)                    size: 17835 bytes
(epstopdf)             Output file: <pictures/T12M016-eps-converted-to.pdf>
(epstopdf)                    date: 2017-06-21 14:21:59
(epstopdf)                    size: 7078 bytes
(epstopdf)             Command: <repstopdf --outfile=pictures/T12M016-eps-conve
rted-to.pdf pictures/T12M016.eps>
(epstopdf)             \includegraphics on input line 154.
Package epstopdf Info: Output file is already uptodate.

<pictures/T12M016-eps-converted-to.pdf, id=565, 421.575pt x 316.18124pt>
File: pictures/T12M016-eps-converted-to.pdf Graphic file (type pdf)

<use pictures/T12M016-eps-converted-to.pdf>
Package pdftex.def Info: pictures/T12M016-eps-converted-to.pdf used on input li
ne 154.
(pdftex.def)             Requested size: 295.10048pt x 221.32535pt.
 [25

 <./pictures/T21Lin1-eps-converted-to.pdf> <./pictures/T12Lin1-eps-converted-to
.pdf> <./pictures/T12M016-eps-converted-to.pdf>] [26]) (./sections/conclusion.t
ex [27

]) (./main.bbl) [28

]
(./sections/annexe.tex
File: pictures/Zhourectduct.png Graphic file (type png)
 <use pictures/Zhourectduct.png>
Package pdftex.def Info: pictures/Zhourectduct.png used on input line 9.
(pdftex.def)             Requested size: 231.84395pt x 161.45242pt.
 [29

] [30]
<pictures/1_Fctannulaire13D.png, id=635, 1204.5pt x 589.4522pt>
File: pictures/1_Fctannulaire13D.png Graphic file (type png)

<use pictures/1_Fctannulaire13D.png>
Package pdftex.def Info: pictures/1_Fctannulaire13D.png used on input line 191.

(pdftex.def)             Requested size: 361.35278pt x 176.83702pt.
 [31]
<pictures/Solutionscyl2D.png, id=649, 421.575pt x 316.18124pt>
File: pictures/Solutionscyl2D.png Graphic file (type png)

<use pictures/Solutionscyl2D.png>
Package pdftex.def Info: pictures/Solutionscyl2D.png used on input line 197.
(pdftex.def)             Requested size: 295.10048pt x 221.32535pt.

Underfull \vbox (badness 4595) has occurred while \output is active []

 [32 <./pictures/1_Fctannulaire13D.png (PNG copy)> <./pictures/Solutionscyl2D.p
ng (PNG copy)>]
Package epstopdf Info: Source file: <pictures/MachModels.eps>
(epstopdf)                    date: 2017-06-21 09:41:42
(epstopdf)                    size: 19585 bytes
(epstopdf)             Output file: <pictures/MachModels-eps-converted-to.pdf>
(epstopdf)                    date: 2017-06-21 14:21:59
(epstopdf)                    size: 8236 bytes
(epstopdf)             Command: <repstopdf --outfile=pictures/MachModels-eps-co
nverted-to.pdf pictures/MachModels.eps>
(epstopdf)             \includegraphics on input line 220.
Package epstopdf Info: Output file is already uptodate.

<pictures/MachModels-eps-converted-to.pdf, id=656, 421.575pt x 316.18124pt>
File: pictures/MachModels-eps-converted-to.pdf Graphic file (type pdf)

<use pictures/MachModels-eps-converted-to.pdf>
Package pdftex.def Info: pictures/MachModels-eps-converted-to.pdf used on input
 line 220.
(pdftex.def)             Requested size: 295.10048pt x 221.32535pt.

<pictures/FlowProfil.png, id=657, 1109.14375pt x 976.64874pt>
File: pictures/FlowProfil.png Graphic file (type png)

<use pictures/FlowProfil.png>
Package pdftex.def Info: pictures/FlowProfil.png used on input line 226.
(pdftex.def)             Requested size: 221.82481pt x 195.32628pt.

Underfull \vbox (badness 10000) has occurred while \output is active []

 [33 <./pictures/MachModels-eps-converted-to.pdf>]
Package epstopdf Info: Source file: <pictures/LinearRegretion.eps>
(epstopdf)                    date: 2017-06-21 09:41:42
(epstopdf)                    size: 17458 bytes
(epstopdf)             Output file: <pictures/LinearRegretion-eps-converted-to.
pdf>
(epstopdf)                    date: 2017-06-21 14:21:59
(epstopdf)                    size: 7005 bytes
(epstopdf)             Command: <repstopdf --outfile=pictures/LinearRegretion-e
ps-converted-to.pdf pictures/LinearRegretion.eps>
(epstopdf)             \includegraphics on input line 231.
Package epstopdf Info: Output file is already uptodate.

<pictures/LinearRegretion-eps-converted-to.pdf, id=673, 421.575pt x 316.18124pt
>
File: pictures/LinearRegretion-eps-converted-to.pdf Graphic file (type pdf)
 <use pictures/LinearRegretion-eps-converted-to.pdf>
Package pdftex.def Info: pictures/LinearRegretion-eps-converted-to.pdf used on 
input line 231.
(pdftex.def)             Requested size: 295.10048pt x 221.32535pt.
)
Package atveryend Info: Empty hook `BeforeClearDocument' on input line 75.
 [34 <./pictures/FlowProfil.png> <./pictures/LinearRegretion-eps-converted-to.p
df>]
Package atveryend Info: Empty hook `AfterLastShipout' on input line 75.
 (./main.aux)
Package atveryend Info: Executing hook `AtVeryEndDocument' on input line 75.
Package atveryend Info: Executing hook `AtEndAfterFileList' on input line 75.
Package rerunfilecheck Info: File `main.out' has not changed.
(rerunfilecheck)             Checksum: DA8BE820438607074C2BF9ADEFC71F40;1986.


LaTeX Font Warning: Some font shapes were not available, defaults substituted.

Package atveryend Info: Empty hook `AtVeryVeryEnd' on input line 75.
 ) 
Here is how much of TeX's memory you used:
 18556 strings out of 494953
 308608 string characters out of 6180977
 367441 words of memory out of 5000000
 21330 multiletter control sequences out of 15000+600000
 47357 words of font info for 62 fonts, out of 8000000 for 9000
 14 hyphenation exceptions out of 8191
 42i,16n,45p,10376b,518s stack positions out of 5000i,500n,10000p,200000b,80000s
{/usr/share/texlive/texmf-dist/fonts/enc/dvips/base/8r.enc} </home/francois/.
texmf-var/fonts/pk/ljfour/jknappen/ec/eccc1200.600pk> </home/francois/.texmf-va
r/fonts/pk/ljfour/jknappen/ec/ecss1200.600pk> </home/francois/.texmf-var/fonts/
pk/ljfour/jknappen/ec/ecsi1200.600pk> </home/francois/.texmf-var/fonts/pk/ljfou
r/jknappen/ec/eccc1728.600pk> </home/francois/.texmf-var/fonts/pk/ljfour/jknapp
en/ec/ecss2488.600pk> </home/francois/.texmf-var/fonts/pk/ljfour/jknappen/ec/ec
ss1728.600pk></usr/share/texlive/texmf-dist/fonts/type1/bitstrea/charter/bchb8a
.pfb></usr/share/texlive/texmf-dist/fonts/type1/bitstrea/charter/bchr8a.pfb></u
sr/share/texlive/texmf-dist/fonts/type1/bitstrea/charter/bchr8a.pfb></usr/share
/texlive/texmf-dist/fonts/type1/bitstrea/charter/bchri8a.pfb></usr/share/texliv
e/texmf-dist/fonts/type1/public/amsfonts/cm/cmex10.pfb></usr/share/texlive/texm
f-dist/fonts/type1/public/amsfonts/cm/cmmi10.pfb></usr/share/texlive/texmf-dist
/fonts/type1/public/amsfonts/cm/cmmi6.pfb></usr/share/texlive/texmf-dist/fonts/
type1/public/amsfonts/cm/cmmi8.pfb></usr/share/texlive/texmf-dist/fonts/type1/p
ublic/amsfonts/cm/cmr10.pfb></usr/share/texlive/texmf-dist/fonts/type1/public/a
msfonts/cm/cmr6.pfb></usr/share/texlive/texmf-dist/fonts/type1/public/amsfonts/
cm/cmr8.pfb></usr/share/texlive/texmf-dist/fonts/type1/public/amsfonts/cm/cmsy1
0.pfb></usr/share/texlive/texmf-dist/fonts/type1/public/amsfonts/cm/cmsy6.pfb><
/usr/share/texlive/texmf-dist/fonts/type1/public/amsfonts/cm/cmsy8.pfb>
Output written on main.pdf (36 pages, 17021986 bytes).
PDF statistics:
 891 PDF objects out of 1000 (max. 8388607)
 629 compressed objects within 7 object streams
 202 named destinations out of 1000 (max. 500000)
 447 words of extra memory for PDF output out of 10000 (max. 10000000)

