\BOOKMARK [1][-]{section.1}{Introduction}{}% 1
\BOOKMARK [1][-]{section.2}{Theoretical acoustic}{}% 2
\BOOKMARK [2][-]{subsection.2.1}{Acoustic in duct}{section.2}% 3
\BOOKMARK [3][-]{subsubsection.2.1.1}{Rectangular duct}{subsection.2.1}% 4
\BOOKMARK [3][-]{subsubsection.2.1.2}{Circular duct}{subsection.2.1}% 5
\BOOKMARK [3][-]{subsubsection.2.1.3}{Wall attenuation}{subsection.2.1}% 6
\BOOKMARK [2][-]{subsection.2.2}{Scattering matrix}{section.2}% 7
\BOOKMARK [2][-]{subsection.2.3}{Impedance acoustic}{section.2}% 8
\BOOKMARK [3][-]{subsubsection.2.3.1}{Impedance tube measurement}{subsection.2.3}% 9
\BOOKMARK [3][-]{subsubsection.2.3.2}{The in-situ method}{subsection.2.3}% 10
\BOOKMARK [3][-]{subsubsection.2.3.3}{The mode matching method}{subsection.2.3}% 11
\BOOKMARK [3][-]{subsubsection.2.3.4}{The single mode straightforward method}{subsection.2.3}% 12
\BOOKMARK [2][-]{subsection.2.4}{Optimum Cremer impedance}{section.2}% 13
\BOOKMARK [3][-]{subsubsection.2.4.1}{Optimization of a circular liner}{subsection.2.4}% 14
\BOOKMARK [3][-]{subsubsection.2.4.2}{Optimization of an annular liner}{subsection.2.4}% 15
\BOOKMARK [1][-]{section.3}{Measurement and post-treatment}{}% 16
\BOOKMARK [2][-]{subsection.3.1}{Experimental work}{section.3}% 17
\BOOKMARK [3][-]{subsubsection.3.1.1}{KTH facilities}{subsection.3.1}% 18
\BOOKMARK [3][-]{subsubsection.3.1.2}{The rig setup}{subsection.3.1}% 19
\BOOKMARK [3][-]{subsubsection.3.1.3}{Acquisition chain}{subsection.3.1}% 20
\BOOKMARK [3][-]{subsubsection.3.1.4}{Frequency domain and scattering matrix}{subsection.3.1}% 21
\BOOKMARK [2][-]{subsection.3.2}{Reference: hard wall case}{section.3}% 22
\BOOKMARK [2][-]{subsection.3.3}{Acoustic liner}{section.3}% 23
\BOOKMARK [3][-]{subsubsection.3.3.1}{Scattering matrix and transmission loss}{subsection.3.3}% 24
\BOOKMARK [3][-]{subsubsection.3.3.2}{Acoustic impedance}{subsection.3.3}% 25
\BOOKMARK [1][-]{section.4}{Conclusion}{}% 26
\BOOKMARK [1][-]{section.5}{Appendix}{}% 27
